Case #1:
GGG
CCC
JJJ
Case #2:
CODE
JJAM
JJAM
Case #3:
CA
KE
Case #4:
A
Case #5:
AAAAAABBBBBBBBBBBBBBBBBBB
AAAAAABBBBBBBBBBBBBBBBBBB
AAAAAABBBBBBBBBBBBBBBBBBB
AAAAAABBBBBBBBBBBBBBBBBBB
AAAAAABBBBBBBBBBBBBBBBBBB
AAAAAABBBBBBBBBBBBBBBBBBB
AAAAAABBBBBBBBBBBBBBBBBBB
AAAAAABBBBBBBBBBBBBBBBBBB
AAAAAABBBBBBBBBBBBBBBBBBB
CCCCCCCCCCCCCCCCCCCCCCCCC
DDDDDDDDDDDDDDDDDDDDDDDDD
EEEEEEEEEEEEEEEEEEEEEEEEE
FFFFFFFFFFFFFFFFFHHHHHHHH
FFFFFFFFFFFFFFFFFHHHHHHHH
FFFFFFFFFFFFFFFFFHHHHHHHH
FFFFFFFFFFFFFFFFFHHHHHHHH
FFFFFFFFFFFFFFFFFHHHHHHHH
FFFFFFFFFFFFFFFFFHHHHHHHH
FFFFFFFFFFFFFFFFFHHHHHHHH
FFFFFFFFFFFFFFFFFHHHHHHHH
JJJJJJJJJJJJJJJJJJJJJJJJJ
GGGGGGGGGGGGGGGGGGIIIIIII
GGGGGGGGGGGGGGGGGGIIIIIII
GGGGGGGGGGGGGGGGGGIIIIIII
GGGGGGGGGGGGGGGGGGIIIIIII
Case #6:
GGGGGGGGGGGGGGGGGGGGGGGGG
YYYYYYYYYYYYYYYYYYYYYYYYY
YYYYYYYYYYYYYYYYYYYYYYYYY
NNNNNNNNNNNNNNNNNNNNNNNNN
BBBBBBBBBBBBQQQQQQMMMLLLL
BBBBBBBBBBBBQQQQQQMMMLLLL
FFFFFFFFFFFFFFFFFFFFFFFFF
FFFFFFFFFFFFFFFFFFFFFFFFF
FFFFFFFFFFFFFFFFFFFFFFFFF
OVVVVVAAAAAAZZZIIIIIIIIII
OVVVVVAAAAAAZZZIIIIIIIIII
OVVVVVAAAAAAZZZIIIIIIIIII
PPPPPPPPPPPPRRRRRRRRRRRRR
XXXXXXXXXXXXXXXXXXXXXXXXX
EEEEEEEEEEEEEEEEEEEEEEEEE
EEEEEEEEEEEEEEEEEEEEEEEEE
EEEEEEEEEEEEEEEEEEEEEEEEE
EEEEEEEEEEEEEEEEEEEEEEEEE
KKKKKKWWWWWWWWWWWWWWWWWWW
DDDDDDDDDDDDUUUUUUUUUUUUU
JJJJJJTTTTTTTTTTTTTTTTTTT
HHHHHHHHHHHHHHHHHHHHHHHHH
HHHHHHHHHHHHHHHHHHHHHHHHH
CCCCCCCCCCCCCCCCCCCCCCCCC
SSSSSSSSSSSSSSSSSSSSSSSSS
Case #7:
BBBBBBRRRRRRRRRRRRRRRRRRR
BBBBBBRRRRRRRRRRRRRRRRRRR
UUUUUUUUUUUUUUUUUUUUUUUUU
YYYYYYYYYYYYYYYYYYQQQQQQQ
YYYYYYYYYYYYYYYYYYQQQQQQQ
JJJJJJJJJJJJJJJJJJJJJJJJJ
GGGGGGGGGGGGGGGGGGGGGGGGG
GGGGGGGGGGGGGGGGGGGGGGGGG
GGGGGGGGGGGGGGGGGGGGGGGGG
HHHHHHHHHHHHHHHHHHHHHHHHH
IIIIIIIIIIIIIIIIIIIIIIIII
IIIIIIIIIIIIIIIIIIIIIIIII
AAAAAAAAAAAAEEEEEEEEEEEEE
MMMMMMMMMMMMMMMMMMMMMMMMM
MMMMMMMMMMMMMMMMMMMMMMMMM
LLLLLLNNNNNNTTTTTTTTTTTTT
FFFFFFSSSSSSSSSSSSSSSSSSS
DDDWWWWWWWWWWWWWWWWWWWWWW
CCCCCCCCCCCCCCCCCCCCCCCCC
VVVVVVXXXXXXXXXXXXXXXXXXX
PPPPPPPPPPPPPPPPPPPPPPPPP
OOOOOOOOOOOOOOOOOOOOOOOOO
ZZZZZZZZZZZZZZZZZZZZZZZZZ
KKKKKKKKKKKKKKKKKKKKKKKKK
KKKKKKKKKKKKKKKKKKKKKKKKK
Case #8:
BB
AA
Case #9:
KKKKKKKKKKKKKKKKKKKKKKKKK
KKKKKKKKKKKKKKKKKKKKKKKKK
CCCCCCCCCCCCCCCCCCCCCCCCC
AAAAAAAAAAAAAAAAAAAAAJJEG
AAAAAAAAAAAAAAAAAAAAAJJEG
MMMMMMMMMMMMMMMMMMMMMMMMM
QQQQQQQQQQQQQQQQQFHHHBBUU
QQQQQQQQQQQQQQQQQFHHHBBUU
VVVVVVVVVVVVVVVVVVPPPPPPP
SSSSSSSSSSSSSNNNNNIIIYLTT
WWWWWWWWWWWWWWWWWWWWWXXXX
WWWWWWWWWWWWWWWWWWWWWXXXX
ZZZZZZZZZZZZZZZZZZZZZZZZZ
DDDDDDDDDDDDDDDDDDDDDDDDD
DDDDDDDDDDDDDDDDDDDDDDDDD
OOOOOOOOOOOOOOOOOOOOOOOOO
RRRRRRRRRRRRRRRRRRRRRRRRR
RRRRRRRRRRRRRRRRRRRRRRRRR
RRRRRRRRRRRRRRRRRRRRRRRRR
RRRRRRRRRRRRRRRRRRRRRRRRR
RRRRRRRRRRRRRRRRRRRRRRRRR
RRRRRRRRRRRRRRRRRRRRRRRRR
RRRRRRRRRRRRRRRRRRRRRRRRR
RRRRRRRRRRRRRRRRRRRRRRRRR
RRRRRRRRRRRRRRRRRRRRRRRRR
Case #10:
GGGGGGGGGGGGGGGGGGGGGGGGG
XXXXXXXXXXXXUUUUUUUUUUUUU
TTTJJJJJJJJJJJJJJJJJJJJJJ
QQQQQQQQQQQQQQQQQQQQQQQQQ
QQQQQQQQQQQQQQQQQQQQQQQQQ
ZZZZZZZZZZZZZZZZZZZZZZZZZ
MMMMMMMMMMMMMMMMMMMMMAAAA
MMMMMMMMMMMMMMMMMMMMMAAAA
HHHHHHHHHHHHHHHHHHHHHHHHH
SSSSSSSSSSSSPPPPPPPPPPPPP
IIIIIIIIIFFFFFFFFFFFFFFFF
LLLLLLLLLLLLVVVVVVVVVVVVV
CCCCCCCCCCCCCCCCCCCCCCCCC
CCCCCCCCCCCCCCCCCCCCCCCCC
CCCCCCCCCCCCCCCCCCCCCCCCC
CCCCCCCCCCCCCCCCCCCCCCCCC
CCCCCCCCCCCCCCCCCCCCCCCCC
CCCCCCCCCCCCCCCCCCCCCCCCC
WWWWWWWWWWWWWWWWWWWWWWWWW
OOOOOOOOOOOODDDDDDDDDDDDD
YYYYYYYYYYYYYYYYYYYYYYYYY
NNNNNNNNNNNNKKKKKKKKKKKKK
NNNNNNNNNNNNKKKKKKKKKKKKK
BBBBBBEEEEEEEEEEEEEEEEEEE
RRRRRRRRRRRRRRRRRRRRRRRRR
Case #11:
AAAAAAAAAAAAAAAAAAAAAAAAA
BBBBBBBBBBBBBBBBBBBBBBBBB
CCCCCCCCCCCCCCCCCCCCCCCCC
DDDDDDDDDDDDDDDDDDDDDDDDD
EEEEEEEEEEEEEEEEEEEEEEEEE
FFFFFFFFFFFFFFFFFFFFFFFFF
GGGGGGGGGGGGGGGGGGGGGGGGG
HHHHHHHHHHHHHHHHHHHHHHHHH
IIIIIIIIIIIIIIIIIIIIIIIII
JJJJJJJJJJJJJJJJJJJJJJJJJ
KKKKKKKKKKKKKKKKKKKKKKKKK
LLLLLLLLLLLLLLLLLLLLLLLLL
MMMMMMMMMMMMMMMMMMMMMMMMM
NNNNNNNNNNNNNNNNNNNNNNNNN
OOOOOOOOOOOOOOOOOOOOOOOOO
PPPPPPPPPPPPPPPPPPPPPPPPP
QQQQQQQQQQQQQQQQQQQQQQQQQ
RRRRRRRRRRRRRRRRRRRRRRRRR
SSSSSSSSSSSSSSSSSSSSSSSSS
TTTTTTTTTTTTTTTTTTTTTTTTT
UUUUUUUUUUUUUUUUUUUUUUUUU
VVVVVVVVVVVVVVVVVVVVVVVVV
WWWWWWWWWWWWWWWWWWWWWWWWW
XXXXXXXXXXXXXXXXXXXXXXXXX
YYYYYYYYYYYYYYYYYYYYYYYYY
Case #12:
AAAAACCCCCCCCCCCCCCCCCCCC
AAAAACCCCCCCCCCCCCCCCCCCC
EEEEEEEEEEEEEEEEEEEEEEEEE
EEEEEEEEEEEEEEEEEEEEEEEEE
EEEEEEEEEEEEEEEEEEEEEEEEE
EEEEEEEEEEEEEEEEEEEEEEEEE
BBBBBBDDDDDDDDDDDDDDDDDDD
BBBBBBDDDDDDDDDDDDDDDDDDD
BBBBBBDDDDDDDDDDDDDDDDDDD
BBBBBBDDDDDDDDDDDDDDDDDDD
BBBBBBDDDDDDDDDDDDDDDDDDD
BBBBBBDDDDDDDDDDDDDDDDDDD
FFFFFFFFFFFFFFFFFFFFFGGGG
FFFFFFFFFFFFFFFFFFFFFGGGG
FFFFFFFFFFFFFFFFFFFFFGGGG
FFFFFFFFFFFFFFFFFFFFFGGGG
FFFFFFFFFFFFFFFFFFFFFGGGG
FFFFFFFFFFFFFFFFFFFFFGGGG
HHHHHHHHHHHHHHHHHHHHHHHHH
IIIIIIIIIIIIIIIIIIIIIIIII
JJJJJJJJJJJJJJJJJJJJJJJJJ
JJJJJJJJJJJJJJJJJJJJJJJJJ
JJJJJJJJJJJJJJJJJJJJJJJJJ
JJJJJJJJJJJJJJJJJJJJJJJJJ
JJJJJJJJJJJJJJJJJJJJJJJJJ
Case #13:
AAAAAABBBBBBBBBBBBBBBBBBB
AAAAAABBBBBBBBBBBBBBBBBBB
AAAAAABBBBBBBBBBBBBBBBBBB
AAAAAABBBBBBBBBBBBBBBBBBB
AAAAAABBBBBBBBBBBBBBBBBBB
AAAAAABBBBBBBBBBBBBBBBBBB
AAAAAABBBBBBBBBBBBBBBBBBB
AAAAAABBBBBBBBBBBBBBBBBBB
AAAAAABBBBBBBBBBBBBBBBBBB
CCCCCCCCCCCCCCCCCCCCCCCCC
DDDDDDDDDDDDDDDDDDDDDDDDD
EEEEEEEEEEEEEEEEEEEEEEEEE
FFFFFFFFFFFFFFFFFFFFHHHHH
FFFFFFFFFFFFFFFFFFFFHHHHH
JJJJJJJJJJJJJJJJJJJJJJJJJ
JJJJJJJJJJJJJJJJJJJJJJJJJ
JJJJJJJJJJJJJJJJJJJJJJJJJ
JJJJJJJJJJJJJJJJJJJJJJJJJ
GGGGGGGGGGGGGGGGGGGGGIIII
GGGGGGGGGGGGGGGGGGGGGIIII
GGGGGGGGGGGGGGGGGGGGGIIII
GGGGGGGGGGGGGGGGGGGGGIIII
GGGGGGGGGGGGGGGGGGGGGIIII
GGGGGGGGGGGGGGGGGGGGGIIII
GGGGGGGGGGGGGGGGGGGGGIIII
Case #14:
AAAAAABBBBBBBBBBBBBBBBBBB
AAAAAABBBBBBBBBBBBBBBBBBB
CCCCCCCCCCCCCCCCCCCCCCCCC
DDDDDDDDDDDDDDDDDDDDDDDDD
EEEEEEEEEEEEEEEEEEEEEEEEE
EEEEEEEEEEEEEEEEEEEEEEEEE
EEEEEEEEEEEEEEEEEEEEEEEEE
EEEEEEEEEEEEEEEEEEEEEEEEE
EEEEEEEEEEEEEEEEEEEEEEEEE
EEEEEEEEEEEEEEEEEEEEEEEEE
EEEEEEEEEEEEEEEEEEEEEEEEE
EEEEEEEEEEEEEEEEEEEEEEEEE
FFFFFFFFFFFFFFFFHHHHHHHHH
FFFFFFFFFFFFFFFFHHHHHHHHH
FFFFFFFFFFFFFFFFHHHHHHHHH
FFFFFFFFFFFFFFFFHHHHHHHHH
FFFFFFFFFFFFFFFFHHHHHHHHH
FFFFFFFFFFFFFFFFHHHHHHHHH
JJJJJJJJJJJJJJJJJJJJJJJJJ
JJJJJJJJJJJJJJJJJJJJJJJJJ
JJJJJJJJJJJJJJJJJJJJJJJJJ
GGGGGGGGGGGGGGGGIIIIIIIII
GGGGGGGGGGGGGGGGIIIIIIIII
GGGGGGGGGGGGGGGGIIIIIIIII
GGGGGGGGGGGGGGGGIIIIIIIII
Case #15:
VVVVVVVVVVVVVVVVVVVVVVVVV
KKKKKKKKFFFFFFFFFFFFFFFFF
KKKKKKKKFFFFFFFFFFFFFFFFF
AAAAAAPPZZZZZZZZZZZZZZZZZ
UUUUUSQQIGGGGGGGGGGGGGGGG
DDDDYYRRRRRRRRRRRRRRRRRRR
NNNNOOHHELLLLLLLLLLLLLLLL
JJJJJJCWWXBBBBBBBBBBBBBBB
MMMMMMMTTTTTTTTTTTTTTTTTT
MMMMMMMTTTTTTTTTTTTTTTTTT
MMMMMMMTTTTTTTTTTTTTTTTTT
MMMMMMMTTTTTTTTTTTTTTTTTT
MMMMMMMTTTTTTTTTTTTTTTTTT
MMMMMMMTTTTTTTTTTTTTTTTTT
MMMMMMMTTTTTTTTTTTTTTTTTT
MMMMMMMTTTTTTTTTTTTTTTTTT
MMMMMMMTTTTTTTTTTTTTTTTTT
MMMMMMMTTTTTTTTTTTTTTTTTT
MMMMMMMTTTTTTTTTTTTTTTTTT
MMMMMMMTTTTTTTTTTTTTTTTTT
MMMMMMMTTTTTTTTTTTTTTTTTT
MMMMMMMTTTTTTTTTTTTTTTTTT
MMMMMMMTTTTTTTTTTTTTTTTTT
MMMMMMMTTTTTTTTTTTTTTTTTT
MMMMMMMTTTTTTTTTTTTTTTTTT
Case #16:
KKKKKKHHHHHHIIIIIIIIIIII
KKKKKKHHHHHHIIIIIIIIIIII
KKKKKKHHHHHHIIIIIIIIIIII
SSSSSSSSSSSSVVVVXXXXXXXX
SSSSSSSSSSSSVVVVXXXXXXXX
UUUUUUUUUUUUUUUMMMMMMMMM
WWWWWWWWWWWWWWWWWWWWWWWW
QQQQQQQQQQQQQQQQQQQQQQQQ
FFFFFFFFFFFFFFFFFFFFFFFF
YYYYYYYYYYYYYYYYYYYYYYYY
YYYYYYYYYYYYYYYYYYYYYYYY
DDDDDDDDDDDDDDDDDDDDDDDD
JJJJJJJJJJJJJJJJJJJJJJJJ
RRRRRRRRRRRRRRRRRRRRRRRR
TTTTTTTTTTTTTTTTTTTTTTTT
AAAAAAAAAPPPPPPPPPPPPPPP
AAAAAAAAAPPPPPPPPPPPPPPP
AAAAAAAAAPPPPPPPPPPPPPPP
OOOOOOOOOOOOOOOOOOOOOOOO
NNNNNNNNNNNNNNNNNNNNNNNN
NNNNNNNNNNNNNNNNNNNNNNNN
BBBBBBBBBBBBBBBBBBBBBBBB
BBBBBBBBBBBBBBBBBBBBBBBB
LLLLLLLLLGGECCCCCCCCCCCC
LLLLLLLLLGGECCCCCCCCCCCC
Case #17:
HHHHHHHHHHHHHHHHHHHHHHHHH
ZZZZZZDDDDDDEEEIIIIIIIIII
CCCCCCCCCCCCCCCCCCCCCCCCC
BBBBBBBBBBBBBBBBBBBBBBBBB
MMMMMMMMMMMMMMMMMMMMMMMMM
MMMMMMMMMMMMMMMMMMMMMMMMM
RRRRRRRRRRRRRRRRRRRRRRRRR
OOOOOOOOOOOOOOOOOOOOOOOOO
OOOOOOOOOOOOOOOOOOOOOOOOO
OOOOOOOOOOOOOOOOOOOOOOOOO
OOOOOOOOOOOOOOOOOOOOOOOOO
OOOOOOOOOOOOOOOOOOOOOOOOO
YYYYYYYYJJJJJJJJJJJJJJJJJ
VVVVVVVVVVVVVVVVVVVVVVVVV
VVVVVVVVVVVVVVVVVVVVVVVVV
PPPPPPPPPPPPPPPPPPPPPPPPP
TTTTTTTTTTTTTTTLLLLLLLLLL
UUUUUUUUUUUUWWWWWWSSSSSSS
XXXXXXXXXXXXXXXXXXXXXXXXX
QQQQQQQQQQQQQQQQQQQQQQQQQ
GGGGGGGGGGGGNNNNNNNNNNNNN
AAAAAAAAAAAAKKKKKKKKKKKKK
AAAAAAAAAAAAKKKKKKKKKKKKK
AAAAAAAAAAAAKKKKKKKKKKKKK
FFFFFFFFFFFFFFFFFFFFFFFFF
Case #18:
IIIIIIIIIIIIIIIIIIIIIIIII
IIIIIIIIIIIIIIIIIIIIIIIII
AAAAAAAAAAAAAAAAAAAAAAAAA
QQQQQQQQQQQQQQQQQQQQQQQQQ
QQQQQQQQQQQQQQQQQQQQQQQQQ
FFFFFFFFFFFFUUUUUUUUUUUUU
HHHHHHHHHHHHKKKKKKKKKKKKK
VVVVVVVVVVVVVVVVVVVVVVVVV
ZZZZZZEEEEEEEEEEEEEEEEEEE
MMMMMMMMMMMMMMMMMMMMMMMMM
SSSSSSSSSSSSSSSSSSSSSSSSS
CCCCCCCCCCCCCCCCCCCCCCCCC
YYYYYYYYYYYYYYYYYYYYYYYYY
YYYYYYYYYYYYYYYYYYYYYYYYY
YYYYYYYYYYYYYYYYYYYYYYYYY
BBBBBBBBBBBBBBBBBBBBBBBBB
BBBBBBBBBBBBBBBBBBBBBBBBB
BBBBBBBBBBBBBBBBBBBBBBBBB
NNNNNNNNNNNNNNNNNNNNNNNNN
NNNNNNNNNNNNNNNNNNNNNNNNN
XXXXXXWWWWWWTTTTTTTTTTTTT
PPPPPPPPPPPPPPPPPPPPPPPPP
PPPPPPPPPPPPPPPPPPPPPPPPP
LLLLLLLLLLLLDDDDDDRRRRRRR
GGGGGGGGGGGGJJJJJJOOOOOOO
Case #19:
AAAAAAAAAAAABBBBBBBBBBBBB
AAAAAAAAAAAABBBBBBBBBBBBB
AAAAAAAAAAAABBBBBBBBBBBBB
AAAAAAAAAAAABBBBBBBBBBBBB
AAAAAAAAAAAABBBBBBBBBBBBB
AAAAAAAAAAAABBBBBBBBBBBBB
AAAAAAAAAAAABBBBBBBBBBBBB
AAAAAAAAAAAABBBBBBBBBBBBB
AAAAAAAAAAAABBBBBBBBBBBBB
AAAAAAAAAAAABBBBBBBBBBBBB
AAAAAAAAAAAABBBBBBBBBBBBB
AAAAAAAAAAAABBBBBBBBBBBBB
AAAAAAAAAAAABBBBBBBBBBBBB
AAAAAAAAAAAABBBBBBBBBBBBB
AAAAAAAAAAAABBBBBBBBBBBBB
AAAAAAAAAAAABBBBBBBBBBBBB
AAAAAAAAAAAABBBBBBBBBBBBB
AAAAAAAAAAAABBBBBBBBBBBBB
CCCCCCCCCCCCCCCCCCCCCCCCC
DDDDDDDDDDDDDDDDDDDDDDDDD
EEEEEEEEEEEEEEEEEEEEEEEEE
EEEEEEEEEEEEEEEEEEEEEEEEE
EEEEEEEEEEEEEEEEEEEEEEEEE
EEEEEEEEEEEEEEEEEEEEEEEEE
EEEEEEEEEEEEEEEEEEEEEEEEE
Case #20:
FFFFFFFFFFFFFFFFFFFFFFFFF
FFFFFFFFFFFFFFFFFFFFFFFFF
FFFFFFFFFFFFFFFFFFFFFFFFF
FFFFFFFFFFFFFFFFFFFFFFFFF
FFFFFFFFFFFFFFFFFFFFFFFFF
FFFFFFFFFFFFFFFFFFFFFFFFF
FFFFFFFFFFFFFFFFFFFFFFFFF
DDDDDDDDDDDDRRRRRRRRRRRRR
DDDDDDDDDDDDRRRRRRRRRRRRR
JJJJJJJJJJJJJIIAAAAAAAAAA
XXXXXXXXXXXZNWQQQQQQQQQQQ
UUUUUUUUUOVVVVVVVVVVVVVVV
CCCCCCCCCCCCYYPMMMMMMMMMM
SSSSSSSSSSSBTLLHHHHHHHHHH
GGGGGGGGGGGGGGGGGGGGGGGGG
KKKKKKKKKKKKEEEEEEEEEEEEE
KKKKKKKKKKKKEEEEEEEEEEEEE
KKKKKKKKKKKKEEEEEEEEEEEEE
KKKKKKKKKKKKEEEEEEEEEEEEE
KKKKKKKKKKKKEEEEEEEEEEEEE
KKKKKKKKKKKKEEEEEEEEEEEEE
KKKKKKKKKKKKEEEEEEEEEEEEE
KKKKKKKKKKKKEEEEEEEEEEEEE
KKKKKKKKKKKKEEEEEEEEEEEEE
KKKKKKKKKKKKEEEEEEEEEEEEE
Case #21:
KKKKKKKKKKKKKKKKKKKKKKKKJ
KKKKKKKKKKKKKKKKKKKKKKKKJ
KKKKKKKKKKKKKKKKKKKKKKKKJ
KKKKKKKKKKKKKKKKKKKKKKKKJ
KKKKKKKKKKKKKKKKKKKKKKKKJ
KKKKKKKKKKKKKKKKKKKKKKKKJ
KKKKKKKKKKKKKKKKKKKKKKKKJ
KKKKKKKKKKKKKKKKKKKKKKKKJ
KKKKKKKKKKKKKKKKKKKKKKKKJ
KKKKKKKKKKKKKKKKKKKKKKKKJ
KKKKKKKKKKKKKKKKKKKKKKKKJ
KKKKKKKKKKKKKKKKKKKKKKKKJ
KKKKKKKKKKKKKKKKKKKKKKKKJ
KKKKKKKKKKKKKKKKKKKKKKKKJ
KKKKKKKKKKKKKKKKKKKKKKKKJ
KKKKKKKKKKKKKKKKKKKKKKKKJ
KKKKKKKKKKKKKKKKKKKKKKKKJ
VVVVVVVVVVVVVVVVVVVVVVVEE
WWWWWWWWWWWWWWWWWWWWWWWRR
HHHHHHHHHHHHHHHHHHHHHLLUU
XXXXXXXXXXXXXXXXXXXXBIIZZ
AAAAAAAAAAAAAAAAAAAAAOOOO
YYYYYYYYYYYYYYYYYYYYYYYYY
NNNNNNNNNNNNNNNNNNQDCGGFF
SSSSSSSSSSSSSSSSSSSSSPPTM
Case #22:
XXXXXXXXXXXXXXXXXXFFFFFFF
CCCCCCCCCCCCCCCCCCCCCCCCC
CCCCCCCCCCCCCCCCCCCCCCCCC
JJJJJJHHHHHHHHHHHHHHHHHHH
JJJJJJHHHHHHHHHHHHHHHHHHH
JJJJJJHHHHHHHHHHHHHHHHHHH
QQQQQQQQQQQQQQQQQQQQQQQQQ
DDDDDDDDDDDDDDDDDDDDDDDDD
YYYYYYYYYYYYYYYYYYYYYYYYY
NNNNNNVVVVVVIIIIIIIIIIIII
GGGGGGGGGGGGAAAAAAAAAAAAA
SSSSSSSSSSSSSSSSSSSSSSSSS
BBBBBBBBBBBBBBBBBBBBBBBBB
BBBBBBBBBBBBBBBBBBBBBBBBB
ZZZZZZZZZZZZZZZZZZZZZZZZZ
EEEEEEEEEEEEEEEEEEEEEEEEE
EEEEEEEEEEEEEEEEEEEEEEEEE
MMMMMMLLLLLLLLLLLLLLLLLLL
UUUUUUOOOOOOOOOOOOOOOOOOO
KKKKKKKKKKKKKKKKKKKKKKKKK
WWWWWWWWWWWWWWWWWWWWWWWWW
PPPPPPPPPPPPPPPPPPPPPPPPP
PPPPPPPPPPPPPPPPPPPPPPPPP
TTTTTTTTTTTTRRRRRRRRRRRRR
TTTTTTTTTTTTRRRRRRRRRRRRR
Case #23:
IIIIIIIIIIIIIIIIIIIIIOOOO
IIIIIIIIIIIIIIIIIIIIIOOOO
IIIIIIIIIIIIIIIIIIIIIOOOO
IIIIIIIIIIIIIIIIIIIIIOOOO
IIIIIIIIIIIIIIIIIIIIIOOOO
IIIIIIIIIIIIIIIIIIIIIOOOO
IIIIIIIIIIIIIIIIIIIIIOOOO
IIIIIIIIIIIIIIIIIIIIIOOOO
IIIIIIIIIIIIIIIIIIIIIOOOO
IIIIIIIIIIIIIIIIIIIIIOOOO
IIIIIIIIIIIIIIIIIIIIIOOOO
IIIIIIIIIIIIIIIIIIIIIOOOO
IIIIIIIIIIIIIIIIIIIIIOOOO
IIIIIIIIIIIIIIIIIIIIIOOOO
UUUUUUUUUUUUUUUUUUUUUMMMM
RRRRRRRRRRRRRRRRRRRRRRRRR
BBBBBBBBBBBBBBBBBBKKKHJJJ
NNNNNNNNNNNNNNNNNNNNZTTTT
QQQQQQQQQQQQQQQQQQQQQQQQQ
QQQQQQQQQQQQQQQQQQQQQQQQQ
GGGGGGGGGGGGGGGGGGEAFWWWW
PPPPPPPPPPPPPPPPPPPPPPPPP
XXXXXXXXXXXXXXXXXXDDDDDDD
VVVVVVVVVVVVSSSSSSSSSSSSS
CCCCCCCCCCCCCCCYYYLLLLLLL
Case #24:
ABCDEFGHIJKLMNOPQRSTUVWXY
ABCDEFGHIJKLMNOPQRSTUVWXY
ABCDEFGHIJKLMNOPQRSTUVWXY
ABCDEFGHIJKLMNOPQRSTUVWXY
ABCDEFGHIJKLMNOPQRSTUVWXY
ABCDEFGHIJKLMNOPQRSTUVWXY
ABCDEFGHIJKLMNOPQRSTUVWXY
ABCDEFGHIJKLMNOPQRSTUVWXY
ABCDEFGHIJKLMNOPQRSTUVWXY
ABCDEFGHIJKLMNOPQRSTUVWXY
ABCDEFGHIJKLMNOPQRSTUVWXY
ABCDEFGHIJKLMNOPQRSTUVWXY
ABCDEFGHIJKLMNOPQRSTUVWXY
ABCDEFGHIJKLMNOPQRSTUVWXY
ABCDEFGHIJKLMNOPQRSTUVWXY
ABCDEFGHIJKLMNOPQRSTUVWXY
ABCDEFGHIJKLMNOPQRSTUVWXY
ABCDEFGHIJKLMNOPQRSTUVWXY
ABCDEFGHIJKLMNOPQRSTUVWXY
ABCDEFGHIJKLMNOPQRSTUVWXY
ABCDEFGHIJKLMNOPQRSTUVWXY
ABCDEFGHIJKLMNOPQRSTUVWXY
ABCDEFGHIJKLMNOPQRSTUVWXY
ABCDEFGHIJKLMNOPQRSTUVWXY
ABCDEFGHIJKLMNOPQRSTUVWXY
Case #25:
IIIIIIIIIIIIIIIIIIIIIIIII
IIIIIIIIIIIIIIIIIIIIIIIII
UUUUUUUUUUUUUUUUUUUUUUUUU
YYYYYYYYYYYYLLLLLLLLLLLLL
YYYYYYYYYYYYLLLLLLLLLLLLL
YYYYYYYYYYYYLLLLLLLLLLLLL
EEEEEEEEEEEERRRRRRRRRRRRR
MMMMMMMMMMMMMMMMMMMMMMMMM
CCCNNNNNNNNNNNNNNNNNNNNNN
TTTTTTDDDDDDXXXXXXBBBBBBB
TTTTTTDDDDDDXXXXXXBBBBBBB
GGGGGGGGGGGGGGGGGGGGGGGGG
PPPPPPQQQQQQQQQQQQQQQQQQQ
FFFFFFFFFFFFFFFFFFFFFFFFF
FFFFFFFFFFFFFFFFFFFFFFFFF
SSSSSSSSSSSSSSSSSSSSSSSSS
OOOOOOOOOOOOOOOOOOOOOOOOO
OOOOOOOOOOOOOOOOOOOOOOOOO
AAAAAAAAAAAAAAAAAAAAAAAAA
HHHHHHHHHHHHKKKKKKKKKKKKK
HHHHHHHHHHHHKKKKKKKKKKKKK
WWWWWWWWWWWWWWWWWWWWWWWWW
JJJJJJJJJJJJJJJJJJJJJJJJJ
VVVVVVVVVVVVVVVVVVVVVVVVV
Case #26:
AB
Case #27:
MLLLL
MLLLL
KIAAA
GCHJJ
BNOOO
EFFFF
DDDDD
Case #28:
ABCDEFGHIJKLMNOPQRSTUVWXY
ABCDEFGHIJKLMNOPQRSTUVWXY
ABCDEFGHIJKLMNOPQRSTUVWXY
ABCDEFGHIJKLMNOPQRSTUVWXY
ABCDEFGHIJKLMNOPQRSTUVWXY
ABCDEFGHIJKLMNOPQRSTUVWXY
ABCDEFGHIJKLMNOPQRSTUVWXY
ABCDEFGHIJKLMNOPQRSTUVWXY
ABCDEFGHIJKLMNOPQRSTUVWXY
ABCDEFGHIJKLMNOPQRSTUVWXY
ABCDEFGHIJKLMNOPQRSTUVWXY
ABCDEFGHIJKLMNOPQRSTUVWXY
ABCDEFGHIJKLMNOPQRSTUVWXY
ABCDEFGHIJKLMNOPQRSTUVWXY
ABCDEFGHIJKLMNOPQRSTUVWXY
ABCDEFGHIJKLMNOPQRSTUVWXY
ABCDEFGHIJKLMNOPQRSTUVWXY
ABCDEFGHIJKLMNOPQRSTUVWXY
ABCDEFGHIJKLMNOPQRSTUVWXY
ABCDEFGHIJKLMNOPQRSTUVWXY
ABCDEFGHIJKLMNOPQRSTUVWXY
ABCDEFGHIJKLMNOPQRSTUVWXY
ABCDEFGHIJKLMNOPQRSTUVWXY
ABCDEFGHIJKLMNOPQRSTUVWXY
ABCDEFGHIJKLMNOPQRSTUVWXY
Case #29:
AAABBBBBBBBBBBBBBBBBBBBBB
AAABBBBBBBBBBBBBBBBBBBBBB
AAABBBBBBBBBBBBBBBBBBBBBB
AAABBBBBBBBBBBBBBBBBBBBBB
AAABBBBBBBBBBBBBBBBBBBBBB
CCCCCCCCCCCCCCCCCCCCCCCCC
DDDDDDDDDDDDDDDDDDDDDDDDD
EEEEEEEEEEEEEEEEEEEEEEEEE
EEEEEEEEEEEEEEEEEEEEEEEEE
EEEEEEEEEEEEEEEEEEEEEEEEE
EEEEEEEEEEEEEEEEEEEEEEEEE
EEEEEEEEEEEEEEEEEEEEEEEEE
FFFFFFFFFFFFFFFFFFHHHHHHH
FFFFFFFFFFFFFFFFFFHHHHHHH
FFFFFFFFFFFFFFFFFFHHHHHHH
FFFFFFFFFFFFFFFFFFHHHHHHH
FFFFFFFFFFFFFFFFFFHHHHHHH
JJJJJJJJJJJJJJJJJJJJJJJJJ
GGGGGGGGGGGGGGGGGGIIIIIII
GGGGGGGGGGGGGGGGGGIIIIIII
GGGGGGGGGGGGGGGGGGIIIIIII
GGGGGGGGGGGGGGGGGGIIIIIII
GGGGGGGGGGGGGGGGGGIIIIIII
GGGGGGGGGGGGGGGGGGIIIIIII
GGGGGGGGGGGGGGGGGGIIIIIII
Case #30:
TTTTTTTTTTTTTTTTPPMMBRRRR
TTTTTTTTTTTTTTTTPPMMBRRRR
TTTTTTTTTTTTTTTTPPMMBRRRR
TTTTTTTTTTTTTTTTPPMMBRRRR
TTTTTTTTTTTTTTTTPPMMBRRRR
TTTTTTTTTTTTTTTTPPMMBRRRR
TTTTTTTTTTTTTTTTPPMMBRRRR
TTTTTTTTTTTTTTTTPPMMBRRRR
TTTTTTTTTTTTTTTTPPMMBRRRR
TTTTTTTTTTTTTTTTPPMMBRRRR
TTTTTTTTTTTTTTTTPPMMBRRRR
TTTTTTTTTTTTTTTTPPMMBRRRR
TTTTTTTTTTTTTTTTPPMMBRRRR
TTTTTTTTTTTTTTTTPPMMBRRRR
TTTTTTTTTTTTTTTTPPMMBRRRR
TTTTTTTTTTTTTTTTPPMMBRRRR
WWWWWWWWWWWWWWWWNNVZZYYYY
JJJJJJJJJJJJJJJHHHCCCUUUU
EEEEEEEEEEEEEEEEEELLLKXXX
QQQQQQQQQQQQQQQQAAGGGGGGG
SSSSSSSSSSSSSSSSSIFOOOOOO
DDDDDDDDDDDDDDDDDDDDDDDDD
DDDDDDDDDDDDDDDDDDDDDDDDD
DDDDDDDDDDDDDDDDDDDDDDDDD
DDDDDDDDDDDDDDDDDDDDDDDDD
Case #31:
CB
AA
Case #32:
AAAAAAAAAAAAAAAAAAAAAAAAA
BBBBBBBBBBBBBBBBBBBBBBBBB
CCCCCCCCCCCCCCCCCCCCCCCCC
DDDDDDDDDDDDDDDDDDDDDDDDD
EEEEEEEEEEEEEEEEEEEEEEEEE
FFFFFFFFFFFFFFFFFFFFFFFFF
GGGGGGGGGGGGGGGGGGGGGGGGG
HHHHHHHHHHHHHHHHHHHHHHHHH
IIIIIIIIIIIIIIIIIIIIIIIII
JJJJJJJJJJJJJJJJJJJJJJJJJ
KKKKKKKKKKKKKKKKKKKKKKKKK
LLLLLLLLLLLLLLLLLLLLLLLLL
MMMMMMMMMMMMMMMMMMMMMMMMM
NNNNNNNNNNNNNNNNNNNNNNNNN
OOOOOOOOOOOOOOOOOOOOOOOOO
PPPPPPPPPPPPPPPPPPPPPPPPP
QQQQQQQQQQQQQQQQQQQQQQQQQ
RRRRRRRRRRRRRRRRRRRRRRRRR
SSSSSSSSSSSSSSSSSSSSSSSSS
TTTTTTTTTTTTTTTTTTTTTTTTT
UUUUUUUUUUUUUUUUUUUUUUUUU
VVVVVVVVVVVVVVVVVVVVVVVVV
WWWWWWWWWWWWWWWWWWWWWWWWW
XXXXXXXXXXXXXXXXXXXXXXXXX
YYYYYYYYYYYYYYYYYYYYYYYYY
Case #33:
FFFFFFFFFFFFFFFFFFFFFFFFF
FFFFFFFFFFFFFFFFFFFFFFFFF
FFFFFFFFFFFFFFFFFFFFFFFFF
VVVOOOOOOOOOOOOOOOOOOOOOO
CCCCCCCCCCCCCCCCCCCCCCCCC
CCCCCCCCCCCCCCCCCCCCCCCCC
GGGGGGGGGGGGGGGGGGSSSSSSS
NNNNNNNNNNNNNNNNNNNNNNNNN
NNNNNNNNNNNNNNNNNNNNNNNNN
DDDDDDDDDDDDQQQQQQQQQQQQQ
YYYYYYYYYYYYMMMMMMMMMMMMM
YYYYYYYYYYYYMMMMMMMMMMMMM
AAAAAAAAAAAAAAAAAAAAAAAAA
WWWWWWWWWWWWXXXXXXXXXXXXX
WWWWWWWWWWWWXXXXXXXXXXXXX
HHHHHHHHHHHHHHHHHHHHHHHHH
BBBBBBBBBBBBBBBBBBBBBBBBB
BBBBBBBBBBBBBBBBBBBBBBBBB
JJJJJJJJJJJJJJJJJJJJJJJJJ
TTTTTTZZZZZZEEEEEEEEEEEEE
LLLLLLLLLLLLLLLLLLLLLLLLL
PPPPPPPPPPPPPPPPPPPPPPPPP
PPPPPPPPPPPPPPPPPPPPPPPPP
UUUUUUUUUUUUUUUUUUUUUUUUU
RRRRRRRRRRRKIIIIIIIIIIIII
Case #34:
AAAAAAAAABBBBBBBBBBBBBBBB
AAAAAAAAABBBBBBBBBBBBBBBB
AAAAAAAAABBBBBBBBBBBBBBBB
AAAAAAAAABBBBBBBBBBBBBBBB
AAAAAAAAABBBBBBBBBBBBBBBB
AAAAAAAAABBBBBBBBBBBBBBBB
AAAAAAAAABBBBBBBBBBBBBBBB
AAAAAAAAABBBBBBBBBBBBBBBB
AAAAAAAAABBBBBBBBBBBBBBBB
AAAAAAAAABBBBBBBBBBBBBBBB
AAAAAAAAABBBBBBBBBBBBBBBB
AAAAAAAAABBBBBBBBBBBBBBBB
AAAAAAAAABBBBBBBBBBBBBBBB
AAAAAAAAABBBBBBBBBBBBBBBB
AAAAAAAAABBBBBBBBBBBBBBBB
AAAAAAAAABBBBBBBBBBBBBBBB
AAAAAAAAABBBBBBBBBBBBBBBB
AAAAAAAAABBBBBBBBBBBBBBBB
CCCCCCCCCCCCCCCCCCCCCCCCC
DDDDDDDDDDDDDDDDDDDDDDDDD
EEEEEEEEEEEEEEEEEEEEEEEEE
EEEEEEEEEEEEEEEEEEEEEEEEE
EEEEEEEEEEEEEEEEEEEEEEEEE
EEEEEEEEEEEEEEEEEEEEEEEEE
EEEEEEEEEEEEEEEEEEEEEEEEE
Case #35:
AAAAAAAAAAAAAAAAAAAAAAAAA
BBBBBBBBBBBBBBBBBBBBBBBBB
CCCCCCCCCCCCCCCCCCCCCCCCC
DDDDDDDDDDDDDDDDDDDDDDDDD
EEEEEEEEEEEEEEEEEEEEEEEEE
FFFFFFFFFFFFFFFFFFFFFFFFF
GGGGGGGGGGGGGGGGGGGGGGGGG
HHHHHHHHHHHHHHHHHHHHHHHHH
IIIIIIIIIIIIIIIIIIIIIIIII
JJJJJJJJJJJJJJJJJJJJJJJJJ
KKKKKKKKKKKKKKKKKKKKKKKKK
LLLLLLLLLLLLLLLLLLLLLLLLL
MMMMMMMMMMMMMMMMMMMMMMMMM
NNNNNNNNNNNNNNNNNNNNNNNNN
OOOOOOOOOOOOOOOOOOOOOOOOO
PPPPPPPPPPPPPPPPPPPPPPPPP
QQQQQQQQQQQQQQQQQQQQQQQQQ
RRRRRRRRRRRRRRRRRRRRRRRRR
SSSSSSSSSSSSSSSSSSSSSSSSS
TTTTTTTTTTTTTTTTTTTTTTTTT
UUUUUUUUUUUUUUUUUUUUUUUUU
VVVVVVVVVVVVVVVVVVVVVVVVV
WWWWWWWWWWWWWWWWWWWWWWWWW
XXXXXXXXXXXXXXXXXXXXXXXXX
YYYYYYYYYYYYYYYYYYYYYYYYY
Case #36:
AA
AA
Case #37:
AAAAAAAAAAAABBBBBBBBBBBBB
AAAAAAAAAAAABBBBBBBBBBBBB
AAAAAAAAAAAABBBBBBBBBBBBB
AAAAAAAAAAAABBBBBBBBBBBBB
AAAAAAAAAAAABBBBBBBBBBBBB
AAAAAAAAAAAABBBBBBBBBBBBB
AAAAAAAAAAAABBBBBBBBBBBBB
AAAAAAAAAAAABBBBBBBBBBBBB
AAAAAAAAAAAABBBBBBBBBBBBB
AAAAAAAAAAAABBBBBBBBBBBBB
AAAAAAAAAAAABBBBBBBBBBBBB
AAAAAAAAAAAABBBBBBBBBBBBB
AAAAAAAAAAAABBBBBBBBBBBBB
AAAAAAAAAAAABBBBBBBBBBBBB
AAAAAAAAAAAABBBBBBBBBBBBB
CCCCCCCCCCCCCCCCCCCCCCCCC
DDDDDDDDDDDDDDDDDDDDDDDDD
EEEEEEEEEEEEEEEEEEEEEEEEE
EEEEEEEEEEEEEEEEEEEEEEEEE
EEEEEEEEEEEEEEEEEEEEEEEEE
EEEEEEEEEEEEEEEEEEEEEEEEE
EEEEEEEEEEEEEEEEEEEEEEEEE
EEEEEEEEEEEEEEEEEEEEEEEEE
EEEEEEEEEEEEEEEEEEEEEEEEE
EEEEEEEEEEEEEEEEEEEEEEEEE
Case #38:
GGSCCIEEEFFFZZBBBBXAYNNTT
JJJMMMKVVRLLWPDQQQHOOUUUU
Case #39:
AAACCCCCCCCCCCCCCCCCCCCCC
AAACCCCCCCCCCCCCCCCCCCCCC
AAACCCCCCCCCCCCCCCCCCCCCC
EEEEEEEEEEEEEEEEEEEEEEEEE
EEEEEEEEEEEEEEEEEEEEEEEEE
EEEEEEEEEEEEEEEEEEEEEEEEE
BBBDDDDDDDDDDDDDDDDDDDDDD
BBBDDDDDDDDDDDDDDDDDDDDDD
BBBDDDDDDDDDDDDDDDDDDDDDD
BBBDDDDDDDDDDDDDDDDDDDDDD
BBBDDDDDDDDDDDDDDDDDDDDDD
BBBDDDDDDDDDDDDDDDDDDDDDD
FFFFFFFFFFFFFFFFFFGGGGGGG
FFFFFFFFFFFFFFFFFFGGGGGGG
FFFFFFFFFFFFFFFFFFGGGGGGG
FFFFFFFFFFFFFFFFFFGGGGGGG
FFFFFFFFFFFFFFFFFFGGGGGGG
FFFFFFFFFFFFFFFFFFGGGGGGG
FFFFFFFFFFFFFFFFFFGGGGGGG
FFFFFFFFFFFFFFFFFFGGGGGGG
HHHHHHHHHHHHHHHHHHHHHHHHH
IIIIIIIIIIIIIIIIIIIIIIIII
JJJJJJJJJJJJJJJJJJJJJJJJJ
JJJJJJJJJJJJJJJJJJJJJJJJJ
JJJJJJJJJJJJJJJJJJJJJJJJJ
Case #40:
YYYYYYYYYYYYYYYYYYYYYYYYY
YYYYYYYYYYYYYYYYYYYYYYYYY
YYYYYYYYYYYYYYYYYYYYYYYYY
YYYYYYYYYYYYYYYYYYYYYYYYY
YYYYYYYYYYYYYYYYYYYYYYYYY
YYYYYYYYYYYYYYYYYYYYYYYYY
YYYYYYYYYYYYYYYYYYYYYYYYY
YYYYYYYYYYYYYYYYYYYYYYYYY
YYYYYYYYYYYYYYYYYYYYYYYYY
YYYYYYYYYYYYYYYYYYYYYYYYY
YYYYYYYYYYYYYYYYYYYYYYYYY
YYYYYYYYYYYYYYYYYYYYYYYYY
YYYYYYYYYYYYYYYYYYYYYYYYY
YYYYYYYYYYYYYYYYYYYYYYYYY
LLLLEEEEEEEEEEEEEEEEEEEEE
HHHHHPRRRRRRRRRRRRRRRRRRR
OOOOOOVVVVVVVVVVVVVVVVVVV
ZZZZZZIIIIIIIIIIIIIIIIIII
AAAAAABBBBBBWWWWWWWWWWWWW
FFFFFFKKKKJJJJJJJJJJJJJJJ
SSSCCCDDDDDDDDDDDDDDDDDDD
GGGGGGGGNNNNNNNNNNNNNNNNN
MMMMMMMMMMMMMMMMMMMMMMMMM
TTTTTTUUUXXXXXXXXXXXXXXXX
QQQQQQQQQQQQQQQQQQQQQQQQQ
Case #41:
CCCYYYYYYYYYYYYYYYYYYYYYY
CCCYYYYYYYYYYYYYYYYYYYYYY
CCCYYYYYYYYYYYYYYYYYYYYYY
CCCYYYYYYYYYYYYYYYYYYYYYY
RRRRHHHHHHHHHHHHHHHHHHHHH
EETTTTTTTTTTTTTTTTTTTTTTT
BBBBXXXXXXXXXXXXXXXXXXXXX
ZZNWWWLLLLLLLLLLLLLLLLLLL
PPPPPPSSSMMMMMMMMMMMMMMMM
DDDDDDDDDDDDDDDDDDDDDDDDD
DDDDDDDDDDDDDDDDDDDDDDDDD
KKKKKKKKKKIIIIIIIIIIIIIII
QQQQQQOOOOOOOOOOOOOOOOOOO
FFFFFFJJJJJJJJJJJJJJJJJJJ
GGGGGGUUUUUUUUUUUUUUUUUUU
AAAAAAAAAAAAAAAAAAAAAAAAA
AAAAAAAAAAAAAAAAAAAAAAAAA
AAAAAAAAAAAAAAAAAAAAAAAAA
VVVVVVVVVVVVVVVVVVVVVVVVV
VVVVVVVVVVVVVVVVVVVVVVVVV
VVVVVVVVVVVVVVVVVVVVVVVVV
VVVVVVVVVVVVVVVVVVVVVVVVV
VVVVVVVVVVVVVVVVVVVVVVVVV
VVVVVVVVVVVVVVVVVVVVVVVVV
VVVVVVVVVVVVVVVVVVVVVVVVV
Case #42:
AAAAAAAAAAAAAAAAAAAAAAAAA
AAAAAAAAAAAAAAAAAAAAAAAAA
AAAAAAAAAAAAAAAAAAAAAAAAA
AAAAAAAAAAAAAAAAAAAAAAAAA
AAAAAAAAAAAAAAAAAAAAAAAAA
AAAAAAAAAAAAAAAAAAAAAAAAA
AAAAAAAAAAAAAAAAAAAAAAAAA
AAAAAAAAAAAAAAAAAAAAAAAAA
AAAAAAAAAAAAAAAAAAAAAAAAA
AAAAAAAAAAAAAAAAAAAAAAAAA
AAAAAAAAAAAAAAAAAAAAAAAAA
AAAAAAAAAAAAAAAAAAAAAAAAA
AAAAAAAAAAAAAAAAAAAAAAAAA
AAAAAAAAAAAAAAAAAAAAAAAAA
AAAAAAAAAAAAAAAAAAAAAAAAA
AAAAAAAAAAAAAAAAAAAAAAAAA
AAAAAAAAAAAAAAAAAAAAAAAAA
AAAAAAAAAAAAAAAAAAAAAAAAA
AAAAAAAAAAAAAAAAAAAAAAAAA
AAAAAAAAAAAAAAAAAAAAAAAAA
AAAAAAAAAAAAAAAAAAAAAAAAA
AAAAAAAAAAAAAAAAAAAAAAAAA
AAAAAAAAAAAAAAAAAAAAAAAAA
AAAAAAAAAAAAAAAAAAAAAAAAA
AAAAAAAAAAAAAAAAAAAAAAAAA
Case #43:
CCCCC
CCCCC
AAAAA
BBBBB
BBBBB
Case #44:
AAAAAAAAAAAAAAAAAAAAAAAAA
AAAAAAAAAAAAAAAAAAAAAAAAA
AAAAAAAAAAAAAAAAAAAAAAAAA
AAAAAAAAAAAAAAAAAAAAAAAAA
AAAAAAAAAAAAAAAAAAAAAAAAA
AAAAAAAAAAAAAAAAAAAAAAAAA
AAAAAAAAAAAAAAAAAAAAAAAAA
AAAAAAAAAAAAAAAAAAAAAAAAA
AAAAAAAAAAAAAAAAAAAAAAAAA
AAAAAAAAAAAAAAAAAAAAAAAAA
JUUUUUUUUUUUUUUUUUUUUUUUU
TTTTTTTTTTTTTTTTTTTTTTTTT
CEEFFFFFFFFFFFFFFFFFFFFFF
QQQGGGGGGGGGGGGGGGGGGGGGG
LLLZPPPPPPPPPPPPPPPPPPPPP
DDNBMYRRRRRRRRRRRRRRRRRRR
IIIIXXXXXXXXXXXXXXXXXXXXX
KKKVVVVVVVVVVVVVVVVVVVVVV
SOWHHHHHHHHHHHHHHHHHHHHHH
SOWHHHHHHHHHHHHHHHHHHHHHH
SOWHHHHHHHHHHHHHHHHHHHHHH
SOWHHHHHHHHHHHHHHHHHHHHHH
SOWHHHHHHHHHHHHHHHHHHHHHH
SOWHHHHHHHHHHHHHHHHHHHHHH
SOWHHHHHHHHHHHHHHHHHHHHHH
Case #45:
ACCCCCCCCCCCCCCCCCCCCCCCC
ACCCCCCCCCCCCCCCCCCCCCCCC
ACCCCCCCCCCCCCCCCCCCCCCCC
ACCCCCCCCCCCCCCCCCCCCCCCC
ACCCCCCCCCCCCCCCCCCCCCCCC
EEEEEEEEEEEEEEEEEEEEEEEEE
BDDDDDDDDDDDDDDDDDDDDDDDD
BDDDDDDDDDDDDDDDDDDDDDDDD
BDDDDDDDDDDDDDDDDDDDDDDDD
BDDDDDDDDDDDDDDDDDDDDDDDD
BDDDDDDDDDDDDDDDDDDDDDDDD
BDDDDDDDDDDDDDDDDDDDDDDDD
BDDDDDDDDDDDDDDDDDDDDDDDD
BDDDDDDDDDDDDDDDDDDDDDDDD
BDDDDDDDDDDDDDDDDDDDDDDDD
BDDDDDDDDDDDDDDDDDDDDDDDD
BDDDDDDDDDDDDDDDDDDDDDDDD
BDDDDDDDDDDDDDDDDDDDDDDDD
BDDDDDDDDDDDDDDDDDDDDDDDD
BDDDDDDDDDDDDDDDDDDDDDDDD
BDDDDDDDDDDDDDDDDDDDDDDDD
BDDDDDDDDDDDDDDDDDDDDDDDD
BDDDDDDDDDDDDDDDDDDDDDDDD
BDDDDDDDDDDDDDDDDDDDDDDDD
BDDDDDDDDDDDDDDDDDDDDDDDD
Case #46:
EEEEEEEEEEEEEEEEEEBBBBBBB
EEEEEEEEEEEEEEEEEEBBBBBBB
EEEEEEEEEEEEEEEEEEBBBBBBB
LLLLLLLLLLLLLLLLLLLLLLLLL
LLLLLLLLLLLLLLLLLLLLLLLLL
LLLLLLLLLLLLLLLLLLLLLLLLL
FFFFFFFFFFFFFFFFFFFFFFFFF
DDDDDDDDDDDDDDDDDDDDDDDDD
MMMMMMMMMMMMMMMMMMMMMMMMM
GGGGGGGGGGGGGGGGGGGGGGGGG
HHHHHHHHHHHHHHHHHHHHHHHHH
VVVVVVVVVVVVTTTTTTTTTTTTT
SSSSSSSSSSSSSSSSSSSSSSSSS
KKKKKKKKKKKKKKKKKKKKKKKKK
OOOOOOOOOOOOOOOOOOOOOOOOO
UUUUUUCCCCCCCCCCCCCCCCCCC
ZZZZZZZZZZZZNNNNNNNNNNNNN
AAAAAAAAAAAAAAAAAAAAAAAAA
IIIIIIIIIIIIIIIIIIWWWRRRR
QQQQQQQQQQQQQQQQQQQQQQQQQ
XXXXXXXXXXXXXXXXXXXXXXXXX
PPPPPPPPPPPPPPPPPPPPPPPPP
YYYYYYYYYYYYYYYYYYYYYYYYY
JJJJJJJJJJJJJJJJJJJJJJJJJ
JJJJJJJJJJJJJJJJJJJJJJJJJ
Case #47:
ZZZZZZZZZZZZZZZZZZZZZZZZZ
ZZZZZZZZZZZZZZZZZZZZZZZZZ
ZZZZZZZZZZZZZZZZZZZZZZZZZ
NNNNNNNNNNNNVVVVVVVVVVVVV
XXXXXXXXXXXXDDDDDDDDDTTTT
XXXXXXXXXXXXDDDDDDDDDTTTT
HHHHHHHHHHHHHHHHHHHHHHHHH
IIIIIIIIIIIIIIIIIIIIIIIII
IIIIIIIIIIIIIIIIIIIIIIIII
LLLLLLLLLLLLLLLLLLLLLLLLL
YYYYYYYYYYYYYYYYYYYYYYYYY
YYYYYYYYYYYYYYYYYYYYYYYYY
UUUUUUUUUUUUFFFFFFFFFFFFF
UUUUUUUUUUUUFFFFFFFFFFFFF
OOOOOOOOOOOOOOOPMMJJJGGGG
KKKKKKKKKKKKAAAAAAAAAAAAA
CCCCCCCCCCCCCCCCCCCCCCCCC
BBBBBBBBBBBBBBBBBBBBBBBBB
SSSSSSSSSSSSWWWWWWWWWWWWW
SSSSSSSSSSSSWWWWWWWWWWWWW
SSSSSSSSSSSSWWWWWWWWWWWWW
RRRRRRRRRRRRRRRRRRRRRRRRR
RRRRRRRRRRRRRRRRRRRRRRRRR
QQQQQQQQQQQQQQQQQQQQQQQQQ
EEEEEEEEEEEEEEEEEEEEEEEEE
Case #48:
BBBB
BBBB
AAAA
AAAA
Case #49:
HHHHHHHHHHHHHHHHHHHHHHHHH
WWWWWWWWWWWWWWWWWWWWWWWWW
WWWWWWWWWWWWWWWWWWWWWWWWW
EEEEEEEEEEEEEEEEEEEEEEEEE
YYYYYYVVVVVVVVVVVVVVVVVVV
YYYYYYVVVVVVVVVVVVVVVVVVV
JJJJJJJJJJJJJJJJJJJJJJJJJ
SSSSSSSSSSSSSSSSSSSSSSSSS
MMLLLLLLLLLLRRRRRRRRRRKKK
XXXXXXXXXXXXXXXXXXXXXXXXX
TTTTTTTTTTTTTTTTTTTTTTTTT
TTTTTTTTTTTTTTTTTTTTTTTTT
GGGGGGGGGGGGOOOOOOOOOOOOO
GGGGGGGGGGGGOOOOOOOOOOOOO
GGGGGGGGGGGGOOOOOOOOOOOOO
FFFFFFFFFFFFFFFFFFFFFFFFF
QQQQQQQQQQQQQQQQQQQQQQQQQ
IIIIIIIIIIIIIIIIIIIIIIIII
CCCCCCCCCCCCDDDDDDDDDDDDD
CCCCCCCCCCCCDDDDDDDDDDDDD
CCCCCCCCCCCCDDDDDDDDDDDDD
CCCCCCCCCCCCDDDDDDDDDDDDD
CCCCCCCCCCCCDDDDDDDDDDDDD
BBBBBBZZZNNPAAAAAAAAAAAAA
UUUUUUUUUUUUUUUUUUUUUUUUU
Case #50:
RRRRRRRRRRRRRRRRRRRRRRRRR
RRRRRRRRRRRRRRRRRRRRRRRRR
RRRRRRRRRRRRRRRRRRRRRRRRR
RRRRRRRRRRRRRRRRRRRRRRRRR
RRRRRRRRRRRRRRRRRRRRRRRRR
RRRRRRRRRRRRRRRRRRRRRRRRR
RRRRRRRRRRRRRRRRRRRRRRRRR
RRRRRRRRRRRRRRRRRRRRRRRRR
RRRRRRRRRRRRRRRRRRRRRRRRR
RRRRRRRRRRRRRRRRRRRRRRRRR
RRRRRRRRRRRRRRRRRRRRRRRRR
RRRRRRRRRRRRRRRRRRRRRRRRR
VVVVVVVVVVVVVVVVVVVVVVVVV
XXXXXXXXXXXXXXXXXXXXXXXXX
XXXXXXXXXXXXXXXXXXXXXXXXX
SSSSSSSSSSSSSSSSSSSSSSSSS
AAAKKKKKKKKKKKKKKKKKKKKKK
LLLPMMYYYYYYYYYYYYYYYYYYY
JJJJJJJJJJJJJJJJJJJJJJJJJ
DDDDDZFFFFFFFFFFFFFFFFFFF
IIIIIIIIIIIIIIIIIIIIIIIII
BBBTTTNNNEEEEEEEEEEEEEEEE
BBBTTTNNNEEEEEEEEEEEEEEEE
UUWCCCQQQQQQQQQQQQQQQQQQQ
GGGOOOHHHHHHHHHHHHHHHHHHH
Case #51:
JGBKEDIIICFLHHHMMMAAAAAAA
Case #52:
AAAAAAAAAAAAAAAAAAAAAAAAA
BBBBBBBBBBBBBBBBBBBBBBBBB
CCCCCCCCCCCCCCCCCCCCCCCCC
DDDDDDDDDDDDDDDDDDDDDDDDD
EEEEEEEEEEEEEEEEEEEEEEEEE
FFFFFFFFFFFFFFFFFFFFFFFFF
GGGGGGGGGGGGGGGGGGGGGGGGG
HHHHHHHHHHHHHHHHHHHHHHHHH
IIIIIIIIIIIIIIIIIIIIIIIII
JJJJJJJJJJJJJJJJJJJJJJJJJ
KKKKKKKKKKKKKKKKKKKKKKKKK
LLLLLLLLLLLLLLLLLLLLLLLLL
MMMMMMMMMMMMMMMMMMMMMMMMM
NNNNNNNNNNNNNNNNNNNNNNNNN
OOOOOOOOOOOOOOOOOOOOOOOOO
PPPPPPPPPPPPPPPPPPPPPPPPP
QQQQQQQQQQQQQQQQQQQQQQQQQ
RRRRRRRRRRRRRRRRRRRRRRRRR
SSSSSSSSSSSSSSSSSSSSSSSSS
TTTTTTTTTTTTTTTTTTTTTTTTT
UUUUUUUUUUUUUUUUUUUUUUUUU
VVVVVVVVVVVVVVVVVVVVVVVVV
WWWWWWWWWWWWWWWWWWWWWWWWW
XXXXXXXXXXXXXXXXXXXXXXXXX
YYYYYYYYYYYYYYYYYYYYYYYYY
Case #53:
KKKKKKKKKKKKKKKKKKKKKKKKK
KKKKKKKKKKKKKKKKKKKKKKKKK
KKKKKKKKKKKKKKKKKKKKKKKKK
KKKKKKKKKKKKKKKKKKKKKKKKK
KKKKKKKKKKKKKKKKKKKKKKKKK
KKKKKKKKKKKKKKKKKKKKKKKKK
KKKKKKKKKKKKKKKKKKKKKKKKK
KKKKKKKKKKKKKKKKKKKKKKKKK
KKKKKKKKKKKKKKKKKKKKKKKKK
KKKKKKKKKKKKKKKKKKKKKKKKK
KKKKKKKKKKKKKKKKKKKKKKKKK
KKKKKKKKKKKKKKKKKKKKKKKKK
GGGGGGGGGGGGGGGGGGGGGGGGG
GGGGGGGGGGGGGGGGGGGGGGGGG
OOOLLLLLLLLLLLLLLLLLLLLLL
HHHHHHHHHHWWWWWWWWWWWWWWW
HHHHHHHHHHWWWWWWWWWWWWWWW
QQQNNNCCCCCCCCCCCCCCCCCCC
SSSSSSIIIPFFFFFFFFFFFFFFF
AAAUUUBBBBBBBBBBBBBBBBBBB
VXXZZZEEEEEEEEEEEEEEEEEEE
MMMRRRRRRRRRRRRRRRRRRRRRR
YYYDDDDDDDDDDDDDDDDDDDDDD
JJJJJTTTTTTTTTTTTTTTTTTTT
JJJJJTTTTTTTTTTTTTTTTTTTT
Case #54:
OOOOOOOOOOOOOOOOOOOOOOOOO
OOOOOOOOOOOOOOOOOOOOOOOOO
BBBBBBBBBBBBNNNNNNNNNNNCC
IIIRRRRRRRRRGGGGGGGGGGGGG
QQQQQQQQQQQQXXXXXXXXXXXXX
SSSSSSSSSSSSHHHHHHHHHHHHH
UUUUUUUUUUUUUUUUUUUUUUUUU
UUUUUUUUUUUUUUUUUUUUUUUUU
UUUUUUUUUUUUUUUUUUUUUUUUU
EEEEEEEEEEEEEEEEEEEEEEEEE
EEEEEEEEEEEEEEEEEEEEEEEEE
EEEEEEEEEEEEEEEEEEEEEEEEE
PPPPPPDDDDDDFFFFFFFFFFFFF
JJJJJJJJJJJJJJJJJJJJJJJJJ
JJJJJJJJJJJJJJJJJJJJJJJJJ
AAAAAAAAAAAAAAAAAAAAAAAAA
TTTTTTTTTTTTTTTTTTTTTTTTT
VVVVVVVVVVVVVVVVVVVVVVVVV
WWWWWWWWWWWWWWWWWWWWWWWWW
WWWWWWWWWWWWWWWWWWWWWWWWW
ZZZZZZZZZZZZZZZZZZZZZZZZZ
YYYYYYYYYYYYKKKKKKKKKKKKK
LLLLLLLLLLLLLLLLLLLLLLLLL
MMMMMMMMMMMMMMMMMMMMMMMMM
MMMMMMMMMMMMMMMMMMMMMMMMM
Case #55:
AAAAAAAAAAAAAAAAAAAAABBBB
AAAAAAAAAAAAAAAAAAAAABBBB
AAAAAAAAAAAAAAAAAAAAABBBB
AAAAAAAAAAAAAAAAAAAAABBBB
AAAAAAAAAAAAAAAAAAAAABBBB
AAAAAAAAAAAAAAAAAAAAABBBB
AAAAAAAAAAAAAAAAAAAAABBBB
AAAAAAAAAAAAAAAAAAAAABBBB
AAAAAAAAAAAAAAAAAAAAABBBB
AAAAAAAAAAAAAAAAAAAAABBBB
CCCCCCCCCCCCCCCCCCCCCCCCC
DDDDDDDDDDDDDDDDDDDDDDDDD
EEEEEEEEEEEEEEEEEEEEEEEEE
EEEEEEEEEEEEEEEEEEEEEEEEE
EEEEEEEEEEEEEEEEEEEEEEEEE
EEEEEEEEEEEEEEEEEEEEEEEEE
EEEEEEEEEEEEEEEEEEEEEEEEE
EEEEEEEEEEEEEEEEEEEEEEEEE
EEEEEEEEEEEEEEEEEEEEEEEEE
EEEEEEEEEEEEEEEEEEEEEEEEE
EEEEEEEEEEEEEEEEEEEEEEEEE
EEEEEEEEEEEEEEEEEEEEEEEEE
EEEEEEEEEEEEEEEEEEEEEEEEE
EEEEEEEEEEEEEEEEEEEEEEEEE
EEEEEEEEEEEEEEEEEEEEEEEEE
Case #56:
FFFFFFFFFFFFFFFFFFFFFFFFX
FFFFFFFFFFFFFFFFFFFFFFFFX
FFFFFFFFFFFFFFFFFFFFFFFFX
AAAAAAAAAAAAAAAAAAAAAAAAA
BBBBBBBBBBBBBBBBBBBBBBBTS
RRRRRRRRRRRRRRRRRRRRRVZQQ
NNNNNNNNNNNNNNNNNNNCCCCCC
MMMMMMMMMMMMMMMMMMMMMMMMO
YYYYYYYYYYYYYYYYYYYYKEEPP
WWWWWWWWWWWWWWWWWWWWWWJJJ
UUUUUUUUUUUUUUUUUUUUUUUUD
HHHHHHHHHHHHHHHHHHHHHHHLL
GGGGGGGGGGGGGGGGGGGGGGGGG
IIIIIIIIIIIIIIIIIIIIIIIII
IIIIIIIIIIIIIIIIIIIIIIIII
IIIIIIIIIIIIIIIIIIIIIIIII
IIIIIIIIIIIIIIIIIIIIIIIII
IIIIIIIIIIIIIIIIIIIIIIIII
IIIIIIIIIIIIIIIIIIIIIIIII
IIIIIIIIIIIIIIIIIIIIIIIII
IIIIIIIIIIIIIIIIIIIIIIIII
IIIIIIIIIIIIIIIIIIIIIIIII
IIIIIIIIIIIIIIIIIIIIIIIII
IIIIIIIIIIIIIIIIIIIIIIIII
IIIIIIIIIIIIIIIIIIIIIIIII
Case #57:
AAA
AAA
AAA
AAA
AAA
Case #58:
ABCDEFGHIJKLMNOPQRSTUVWXY
ABCDEFGHIJKLMNOPQRSTUVWXY
ABCDEFGHIJKLMNOPQRSTUVWXY
ABCDEFGHIJKLMNOPQRSTUVWXY
ABCDEFGHIJKLMNOPQRSTUVWXY
ABCDEFGHIJKLMNOPQRSTUVWXY
ABCDEFGHIJKLMNOPQRSTUVWXY
ABCDEFGHIJKLMNOPQRSTUVWXY
ABCDEFGHIJKLMNOPQRSTUVWXY
ABCDEFGHIJKLMNOPQRSTUVWXY
ABCDEFGHIJKLMNOPQRSTUVWXY
ABCDEFGHIJKLMNOPQRSTUVWXY
ABCDEFGHIJKLMNOPQRSTUVWXY
ABCDEFGHIJKLMNOPQRSTUVWXY
ABCDEFGHIJKLMNOPQRSTUVWXY
ABCDEFGHIJKLMNOPQRSTUVWXY
ABCDEFGHIJKLMNOPQRSTUVWXY
ABCDEFGHIJKLMNOPQRSTUVWXY
ABCDEFGHIJKLMNOPQRSTUVWXY
ABCDEFGHIJKLMNOPQRSTUVWXY
ABCDEFGHIJKLMNOPQRSTUVWXY
ABCDEFGHIJKLMNOPQRSTUVWXY
ABCDEFGHIJKLMNOPQRSTUVWXY
ABCDEFGHIJKLMNOPQRSTUVWXY
ABCDEFGHIJKLMNOPQRSTUVWXY
Case #59:
JJJJJJJJJJJJJJJJJJJJJJJJJ
MMMMMMMMMMMMXXXXXXXXXXXXX
MMMMMMMMMMMMXXXXXXXXXXXXX
WWWWWWWWWWWWWWWWWWWWWWWWW
WWWWWWWWWWWWWWWWWWWWWWWWW
WWWWWWWWWWWWWWWWWWWWWWWWW
KKKKKKKKKKKKKKKKKKKKKKKKK
VVVVVVVVVVVVVVVVVVVVVVVVV
VVVVVVVVVVVVVVVVVVVVVVVVV
HHHHHHHHHHHHZZZZZZZZZZZZZ
NNNNNNNNNNNNUUUUUUPPPPPPP
QQQQQQQQQQQQQQQQQQQQQQQQQ
TTTTTTTTTTTTTTTTTTTTTTTTT
TTTTTTTTTTTTTTTTTTTTTTTTT
TTTTTTTTTTTTTTTTTTTTTTTTT
OOOOOOOOOOOOOOOOOOOOOOOOO
EEEEEEEEEEEEFFFFFFFFFFFFF
EEEEEEEEEEEEFFFFFFFFFFFFF
AAAAAAAAAAAAAAARRRRRRRRRR
LLLLLLLLLLLLLLLLLLLLLLLLL
LLLLLLLLLLLLLLLLLLLLLLLLL
BBBBBBBBBBBBBBBBBBSSSSSSS
IIIIIIIIIIIIYYYYYYYYYYYYY
GGGGGGGGGGGGCCCCCCCCCCCCC
DDDDDDDDDDDDDDDDDDDDDDDDD
Case #60:
AAAAAAAAAAAACCCCCCCCCCCCC
AAAAAAAAAAAACCCCCCCCCCCCC
AAAAAAAAAAAACCCCCCCCCCCCC
AAAAAAAAAAAACCCCCCCCCCCCC
AAAAAAAAAAAACCCCCCCCCCCCC
AAAAAAAAAAAACCCCCCCCCCCCC
AAAAAAAAAAAACCCCCCCCCCCCC
EEEEEEEEEEEEEEEEEEEEEEEEE
EEEEEEEEEEEEEEEEEEEEEEEEE
BBBBBBBBBBBBDDDDDDDDDDDDD
BBBBBBBBBBBBDDDDDDDDDDDDD
BBBBBBBBBBBBDDDDDDDDDDDDD
BBBBBBBBBBBBDDDDDDDDDDDDD
BBBBBBBBBBBBDDDDDDDDDDDDD
BBBBBBBBBBBBDDDDDDDDDDDDD
BBBBBBBBBBBBDDDDDDDDDDDDD
BBBBBBBBBBBBDDDDDDDDDDDDD
BBBBBBBBBBBBDDDDDDDDDDDDD
BBBBBBBBBBBBDDDDDDDDDDDDD
BBBBBBBBBBBBDDDDDDDDDDDDD
BBBBBBBBBBBBDDDDDDDDDDDDD
BBBBBBBBBBBBDDDDDDDDDDDDD
BBBBBBBBBBBBDDDDDDDDDDDDD
BBBBBBBBBBBBDDDDDDDDDDDDD
BBBBBBBBBBBBDDDDDDDDDDDDD
Case #61:
AAAA
BBBB
BBBB
Case #62:
GGGGGGGGGGGGGOOOOOOOOOOOO
GGGGGGGGGGGGGOOOOOOOOOOOO
GGGGGGGGGGGGGOOOOOOOOOOOO
GGGGGGGGGGGGGOOOOOOOOOOOO
GGGGGGGGGGGGGOOOOOOOOOOOO
GGGGGGGGGGGGGOOOOOOOOOOOO
GGGGGGGGGGGGGOOOOOOOOOOOO
GGGGGGGGGGGGGOOOOOOOOOOOO
GGGGGGGGGGGGGOOOOOOOOOOOO
GGGGGGGGGGGGGOOOOOOOOOOOO
GGGGGGGGGGGGGOOOOOOOOOOOO
MMMMMMMMMMMMMMMMMMMMMMMMM
JJJJJJJJJJJJFFFFFFFFFFFFF
JJJJJJJJJJJJFFFFFFFFFFFFF
LLLLLLLLLLUUYYYXXXXXXXXXX
SSSSSSSSSPPPPPPPPPPPPPPPP
QQQQQQQQQQQQHHHHHHVVVEEEE
ZZZZZZZZZZZZBBBKWCDDDDDDD
AAAAAAAAAAAAAAAAAAAAAAAAA
NNNNNNNNNNNNTTTTTRRRRRRRR
NNNNNNNNNNNNTTTTTRRRRRRRR
IIIIIIIIIIIIIIIIIIIIIIIII
IIIIIIIIIIIIIIIIIIIIIIIII
IIIIIIIIIIIIIIIIIIIIIIIII
IIIIIIIIIIIIIIIIIIIIIIIII
Case #63:
ZZZZZZZZZZZZMMMMMMMMMMMMM
ZZZZZZZZZZZZMMMMMMMMMMMMM
ZZZZZZZZZZZZMMMMMMMMMMMMM
QQQQQQQQQQQQQQQQQQQQQQQQQ
DDDDDDDDDDDDDDDDDDUUUUUUU
DDDDDDDDDDDDDDDDDDUUUUUUU
KKKKKKKKKKKKKKKKKKKKKKKKK
HHHHHHHHHHHHHHHHHHHHHHHHH
HHHHHHHHHHHHHHHHHHHHHHHHH
GGGGGGGGGGGGGGGGGGGGGGGGG
RRRRRRRRRRRROOOOOOOOOOOOO
RRRRRRRRRRRROOOOOOOOOOOOO
PPPPPPPPPTTTJJJJJJXXXXXXX
SSSSSSCCCCCCVVVVVVVVVVVVV
SSSSSSCCCCCCVVVVVVVVVVVVV
NNNNNNNNNNNNNNNNNNNNNNNNN
IIIIIIIIIIIIIIIIIIIIIIIII
BBBBBBBBBBBBBBBBBBBBBBBBB
AAAAAAAAAAAAEEEEEEEEEEEEE
YYYYYYYYYYYYYYYYYYYYYYYYY
YYYYYYYYYYYYYYYYYYYYYYYYY
LLLLLLLLLLLLLLLLLLLLLLLLL
FFFFFFFFFFFFFFFFFFFFFFFFF
WWWWWWWWWWWWWWWWWWWWWWWWW
WWWWWWWWWWWWWWWWWWWWWWWWW
Case #64:
HHHHHHHHHHHHHHHHHHHHHHHHH
IIIIIIIIIIIIIIIIIIIIIAAAA
EEEEEEEEEEEEEEEEEEEEEEEEE
BBBBBBBBBBBBBBBBBBBBBBBBB
KKKKKKTTTTTTTTTTTTTTTTTTT
KKKKKKTTTTTTTTTTTTTTTTTTT
MMMMMMMMMMMMMMMMMMMMMMMMM
DDDDDDDDDDDDDDDDDDDDDDDDD
DDDDDDDDDDDDDDDDDDDDDDDDD
ZZZZZZZZZZZZVVVVVVVVVVVVV
WWWWWWWWWWWWFFFFFFFFFFFFF
WWWWWWWWWWWWFFFFFFFFFFFFF
YYYYYYYYYYYYPPPPPPPPPPPPP
YYYYYYYYYYYYPPPPPPPPPPPPP
GGGNNNLLLLLLQQQQQQQQQQQQQ
CCCCCCCCCCCCCCCCCCXXXXXXX
CCCCCCCCCCCCCCCCCCXXXXXXX
CCCCCCCCCCCCCCCCCCXXXXXXX
OOOOOOOOOOOOOOOOOOOOOOOOO
OOOOOOOOOOOOOOOOOOOOOOOOO
OOOOOOOOOOOOOOOOOOOOOOOOO
SSSSSSSSSSSSSSSSSSSSSSSSS
SSSSSSSSSSSSSSSSSSSSSSSSS
RRRRRRRRRRRRRRRRRRRRRRRRR
UUUUUUUUUUUUUUUJJJJJJJJJJ
Case #65:
AAAAAAAAAAAAAAAAAAAAAAAAA
BBBBBBBBBBBBBBBBBBBBBBBBB
CCCCCCCCCCCCCCCCCCCCCCCCC
DDDDDDDDDDDDDDDDDDDDDDDDD
EEEEEEEEEEEEEEEEEEEEEEEEE
FFFFFFFFFFFFFFFFFFFFFFFFF
GGGGGGGGGGGGGGGGGGGGGGGGG
HHHHHHHHHHHHHHHHHHHHHHHHH
IIIIIIIIIIIIIIIIIIIIIIIII
JJJJJJJJJJJJJJJJJJJJJJJJJ
KKKKKKKKKKKKKKKKKKKKKKKKK
LLLLLLLLLLLLLLLLLLLLLLLLL
MMMMMMMMMMMMMMMMMMMMMMMMM
NNNNNNNNNNNNNNNNNNNNNNNNN
OOOOOOOOOOOOOOOOOOOOOOOOO
PPPPPPPPPPPPPPPPPPPPPPPPP
QQQQQQQQQQQQQQQQQQQQQQQQQ
RRRRRRRRRRRRRRRRRRRRRRRRR
SSSSSSSSSSSSSSSSSSSSSSSSS
TTTTTTTTTTTTTTTTTTTTTTTTT
UUUUUUUUUUUUUUUUUUUUUUUUU
VVVVVVVVVVVVVVVVVVVVVVVVV
WWWWWWWWWWWWWWWWWWWWWWWWW
XXXXXXXXXXXXXXXXXXXXXXXXX
YYYYYYYYYYYYYYYYYYYYYYYYY
Case #66:
AAAAAAAAAAAAAAAAAALLLLLLL
QQQQQQQQQQQQQQQQQQKKKKKKK
VVVVVVVVVVVVVVVVVVSSSSSNN
MMMMMMMMMMMMMMMMMMBBBZZZZ
IIIIIIIIIIIIIIIIIIIIIIIII
HHHHHHHHHHHHHHHHHFFFFFFFF
YYYYYYYYYYYYYYYYYYYYYOOOO
EEEEEEEEEEEEEEEEEEEEETTTJ
XXXXXXXXXXXXXXXXXXXXXDDDD
UUUUUUUUUUUUUUUUUUUUUUUUU
PPPPPPPPPPPPPPPPPPPPPPPPP
PPPPPPPPPPPPPPPPPPPPPPPPP
RRRRRRRRRRRRRRRRRRRRRRRWW
GGGGGGGGGGGGGGGGGGGGGGGCC
GGGGGGGGGGGGGGGGGGGGGGGCC
GGGGGGGGGGGGGGGGGGGGGGGCC
GGGGGGGGGGGGGGGGGGGGGGGCC
GGGGGGGGGGGGGGGGGGGGGGGCC
GGGGGGGGGGGGGGGGGGGGGGGCC
GGGGGGGGGGGGGGGGGGGGGGGCC
GGGGGGGGGGGGGGGGGGGGGGGCC
GGGGGGGGGGGGGGGGGGGGGGGCC
GGGGGGGGGGGGGGGGGGGGGGGCC
GGGGGGGGGGGGGGGGGGGGGGGCC
GGGGGGGGGGGGGGGGGGGGGGGCC
Case #67:
ABCDEFGHIJKLMNOPQRSTUVWXY
ABCDEFGHIJKLMNOPQRSTUVWXY
ABCDEFGHIJKLMNOPQRSTUVWXY
ABCDEFGHIJKLMNOPQRSTUVWXY
ABCDEFGHIJKLMNOPQRSTUVWXY
ABCDEFGHIJKLMNOPQRSTUVWXY
ABCDEFGHIJKLMNOPQRSTUVWXY
ABCDEFGHIJKLMNOPQRSTUVWXY
ABCDEFGHIJKLMNOPQRSTUVWXY
ABCDEFGHIJKLMNOPQRSTUVWXY
ABCDEFGHIJKLMNOPQRSTUVWXY
ABCDEFGHIJKLMNOPQRSTUVWXY
ABCDEFGHIJKLMNOPQRSTUVWXY
ABCDEFGHIJKLMNOPQRSTUVWXY
ABCDEFGHIJKLMNOPQRSTUVWXY
ABCDEFGHIJKLMNOPQRSTUVWXY
ABCDEFGHIJKLMNOPQRSTUVWXY
ABCDEFGHIJKLMNOPQRSTUVWXY
ABCDEFGHIJKLMNOPQRSTUVWXY
ABCDEFGHIJKLMNOPQRSTUVWXY
ABCDEFGHIJKLMNOPQRSTUVWXY
ABCDEFGHIJKLMNOPQRSTUVWXY
ABCDEFGHIJKLMNOPQRSTUVWXY
ABCDEFGHIJKLMNOPQRSTUVWXY
ABCDEFGHIJKLMNOPQRSTUVWXY
Case #68:
EEEEEEEEEEEEEEEEEEEEEEEEE
EEEEEEEEEEEEEEEEEEEEEEEEE
EEEEEEEEEEEEEEEEEEEEEEEEE
EEEEEEEEEEEEEEEEEEEEEEEEE
EEEEEEEEEEEEEEEEEEEEEEEEE
EEEEEEEEEEEEEEEEEEEEEEEEE
EEEEEEEEEEEEEEEEEEEEEEEEE
EEEEEEEEEEEEEEEEEEEEEEEEE
EEEEEEEEEEEEEEEEEEEEEEEEE
EEEEEEEEEEEEEEEEEEEEEEEEE
EEEEEEEEEEEEEEEEEEEEEEEEE
EEEEEEEEEEEEEEEEEEEEEEEEE
EEEEEEEEEEEEEEEEEEEEEEEEE
EEEEEEEEEEEEEEEEEEEEEEEEE
EEEEEEEEEEEEEEEEEEEEEEEEE
EEEEEEEEEEEEEEEEEEEEEEEEE
VVVVVVVVVIIIIIIIIIIIIIIII
VVVVVVVVVIIIIIIIIIIIIIIII
MMMMMMMMMXXXHHHHHHHHHHHHH
BBBBBBWSSSSSKKKKKKKKKKKKK
NNNNNNQZFCCCRRYYYYYYYYYYY
UUUUUUJJGLAAAAAAAAAAAAAAA
OOOOOOOOOOOOPPPPPPPPPPPPP
DDDDDDDDDDDDDDDDDDDDDDDDD
TTTTTTTTTTTTTTTTTTTTTTTTT
Case #69:
IIIIIIIIIIIIIIIIIIIIIIIII
IIIIIIIIIIIIIIIIIIIIIIIII
IIIIIIIIIIIIIIIIIIIIIIIII
DDDDDDDDDDDDDDDDDDDDDDDDD
OOOOOOOOOOOOOOOOOOOOOOOOO
NNNNNNNNNNNNNNNNNNNNNLLLL
GGGGGGGGGGGGTTTTTTTTTTTTT
HHHHHHHHHHHHCCCCCCCCCCCCC
HHHHHHHHHHHHCCCCCCCCCCCCC
JJJJJJJJJJJJJJJJJJJJJJJUU
RRRRRRRRRRRRRRRRRRRRRRRRR
RRRRRRRRRRRRRRRRRRRRRRRRR
WWWWWWEEEEEEQQQQQQQQQQQQQ
WWWWWWEEEEEEQQQQQQQQQQQQQ
WWWWWWEEEEEEQQQQQQQQQQQQQ
FFFFFFFFFFFFSSSSSSSSSSSSS
VVVVVVVVVVVVVVVVVVVVVVVVV
VVVVVVVVVVVVVVVVVVVVVVVVV
KKKKKKKKKKKKPPPPPPPPPXXXX
KKKKKKKKKKKKPPPPPPPPPXXXX
KKKKKKKKKKKKPPPPPPPPPXXXX
YYYYYYYYYYYYYYYYYYZZZZZZZ
BBBBBBBBBBBBBBBBBBBBBBBBB
MMMMMMMMMMMMMMMMMMMMMMMMM
AAAAAAAAAAAAAAAAAAAAAAAAA
Case #70:
ABCDEFGHIJKLMNOPQRSTUVWXY
ABCDEFGHIJKLMNOPQRSTUVWXY
ABCDEFGHIJKLMNOPQRSTUVWXY
ABCDEFGHIJKLMNOPQRSTUVWXY
ABCDEFGHIJKLMNOPQRSTUVWXY
ABCDEFGHIJKLMNOPQRSTUVWXY
ABCDEFGHIJKLMNOPQRSTUVWXY
ABCDEFGHIJKLMNOPQRSTUVWXY
ABCDEFGHIJKLMNOPQRSTUVWXY
ABCDEFGHIJKLMNOPQRSTUVWXY
ABCDEFGHIJKLMNOPQRSTUVWXY
ABCDEFGHIJKLMNOPQRSTUVWXY
ABCDEFGHIJKLMNOPQRSTUVWXY
ABCDEFGHIJKLMNOPQRSTUVWXY
ABCDEFGHIJKLMNOPQRSTUVWXY
ABCDEFGHIJKLMNOPQRSTUVWXY
ABCDEFGHIJKLMNOPQRSTUVWXY
ABCDEFGHIJKLMNOPQRSTUVWXY
ABCDEFGHIJKLMNOPQRSTUVWXY
ABCDEFGHIJKLMNOPQRSTUVWXY
ABCDEFGHIJKLMNOPQRSTUVWXY
ABCDEFGHIJKLMNOPQRSTUVWXY
ABCDEFGHIJKLMNOPQRSTUVWXY
ABCDEFGHIJKLMNOPQRSTUVWXY
ABCDEFGHIJKLMNOPQRSTUVWXY
Case #71:
AAAAAAAAAAAAAAAAAAAAAAAAA
BBBBBBBBBBBBBBBBBBBBBBBBB
CCCCCCCCCCCCCCCCCCCCCCCCC
DDDDDDDDDDDDDDDDDDDDDDDDD
EEEEEEEEEEEEEEEEEEEEEEEEE
FFFFFFFFFFFFFFFFFFFFFFFFF
GGGGGGGGGGGGGGGGGGGGGGGGG
HHHHHHHHHHHHHHHHHHHHHHHHH
IIIIIIIIIIIIIIIIIIIIIIIII
JJJJJJJJJJJJJJJJJJJJJJJJJ
KKKKKKKKKKKKKKKKKKKKKKKKK
LLLLLLLLLLLLLLLLLLLLLLLLL
MMMMMMMMMMMMMMMMMMMMMMMMM
NNNNNNNNNNNNNNNNNNNNNNNNN
OOOOOOOOOOOOOOOOOOOOOOOOO
PPPPPPPPPPPPPPPPPPPPPPPPP
QQQQQQQQQQQQQQQQQQQQQQQQQ
RRRRRRRRRRRRRRRRRRRRRRRRR
SSSSSSSSSSSSSSSSSSSSSSSSS
TTTTTTTTTTTTTTTTTTTTTTTTT
UUUUUUUUUUUUUUUUUUUUUUUUU
VVVVVVVVVVVVVVVVVVVVVVVVV
WWWWWWWWWWWWWWWWWWWWWWWWW
XXXXXXXXXXXXXXXXXXXXXXXXX
YYYYYYYYYYYYYYYYYYYYYYYYY
Case #72:
GGGGGGGGGGGGXXXXXXXXXXXXX
GGGGGGGGGGGGXXXXXXXXXXXXX
GGGGGGGGGGGGXXXXXXXXXXXXX
GGGGGGGGGGGGXXXXXXXXXXXXX
WWWWWWJJJJJJJJJJJJJJJJJJJ
WWWWWWJJJJJJJJJJJJJJJJJJJ
IIIIIIIIIIIIIIIIIIIIIIIII
IIIIIIIIIIIIIIIIIIIIIIIII
EEEEEEEEEEEETTTTTTTTTTTTT
LLLLLLLLLLLLLLLLLLLLLLLLL
YYYYYYYYYYYYBBBBBBBBBBBBB
KKKKKKKKKKKKKKKKKKKKKKKKK
CCCCCCCCCCCCCCCCCCCCCCCCC
PPPPPPPPPPPPPPPPPPPPPPPPP
PPPPPPPPPPPPPPPPPPPPPPPPP
QQQQQQQQQQQQMMMMMMMMMNNNN
AAAAAAAAAAAAAAAAAAAAAAAAA
AAAAAAAAAAAAAAAAAAAAAAAAA
RRRRRRRRRRRRRRRRRRRRRRRRR
HHHHHHHHHHHHHHHHHHHHHHHHH
HHHHHHHHHHHHHHHHHHHHHHHHH
DDDDDDDDDDDDDDDDDDDDDDDDD
OOOOOOOOOOOOOOOOOOOOOVVVV
UUUUUUUUUUUUUUUUUUUUUUUSS
ZZZZZZZZZFFFFFFFFFFFFFFFF
Case #73:
AAA
AAA
AAA
AAA
Case #74:
A
A
Case #75:
A
B
Case #76:
GAA
CEE
BDF
Case #77:
F
D
D
M
M
M
H
H
C
G
E
E
B
B
B
K
K
I
A
A
A
J
J
L
L
Case #78:
AAACCCCCCCCCCCCCCCCCCCCCC
AAACCCCCCCCCCCCCCCCCCCCCC
AAACCCCCCCCCCCCCCCCCCCCCC
AAACCCCCCCCCCCCCCCCCCCCCC
AAACCCCCCCCCCCCCCCCCCCCCC
AAACCCCCCCCCCCCCCCCCCCCCC
AAACCCCCCCCCCCCCCCCCCCCCC
AAACCCCCCCCCCCCCCCCCCCCCC
AAACCCCCCCCCCCCCCCCCCCCCC
AAACCCCCCCCCCCCCCCCCCCCCC
AAACCCCCCCCCCCCCCCCCCCCCC
AAACCCCCCCCCCCCCCCCCCCCCC
AAACCCCCCCCCCCCCCCCCCCCCC
AAACCCCCCCCCCCCCCCCCCCCCC
AAACCCCCCCCCCCCCCCCCCCCCC
AAACCCCCCCCCCCCCCCCCCCCCC
AAACCCCCCCCCCCCCCCCCCCCCC
AAACCCCCCCCCCCCCCCCCCCCCC
AAACCCCCCCCCCCCCCCCCCCCCC
EEEEEEEEEEEEEEEEEEEEEEEEE
EEEEEEEEEEEEEEEEEEEEEEEEE
BBBDDDDDDDDDDDDDDDDDDDDDD
BBBDDDDDDDDDDDDDDDDDDDDDD
BBBDDDDDDDDDDDDDDDDDDDDDD
BBBDDDDDDDDDDDDDDDDDDDDDD
Case #79:
ABCDEFGHIJKLMNOPQRSTUVWXY
ABCDEFGHIJKLMNOPQRSTUVWXY
ABCDEFGHIJKLMNOPQRSTUVWXY
ABCDEFGHIJKLMNOPQRSTUVWXY
ABCDEFGHIJKLMNOPQRSTUVWXY
ABCDEFGHIJKLMNOPQRSTUVWXY
ABCDEFGHIJKLMNOPQRSTUVWXY
ABCDEFGHIJKLMNOPQRSTUVWXY
ABCDEFGHIJKLMNOPQRSTUVWXY
ABCDEFGHIJKLMNOPQRSTUVWXY
ABCDEFGHIJKLMNOPQRSTUVWXY
ABCDEFGHIJKLMNOPQRSTUVWXY
ABCDEFGHIJKLMNOPQRSTUVWXY
ABCDEFGHIJKLMNOPQRSTUVWXY
ABCDEFGHIJKLMNOPQRSTUVWXY
ABCDEFGHIJKLMNOPQRSTUVWXY
ABCDEFGHIJKLMNOPQRSTUVWXY
ABCDEFGHIJKLMNOPQRSTUVWXY
ABCDEFGHIJKLMNOPQRSTUVWXY
ABCDEFGHIJKLMNOPQRSTUVWXY
ABCDEFGHIJKLMNOPQRSTUVWXY
ABCDEFGHIJKLMNOPQRSTUVWXY
ABCDEFGHIJKLMNOPQRSTUVWXY
ABCDEFGHIJKLMNOPQRSTUVWXY
ABCDEFGHIJKLMNOPQRSTUVWXY
Case #80:
AAAAAAAAAAAAAAAAAAAAAAAAA
BBBBBBBBBBBBBBBBBBBBBBBBB
CCCCCCCCCCCCCCCCCCCCCCCCC
DDDDDDDDDDDDDDDDDDDDDDDDD
EEEEEEEEEEEEEEEEEEEEEEEEE
FFFFFFFFFFFFFFFFFFFFFFFFF
GGGGGGGGGGGGGGGGGGGGGGGGG
HHHHHHHHHHHHHHHHHHHHHHHHH
IIIIIIIIIIIIIIIIIIIIIIIII
JJJJJJJJJJJJJJJJJJJJJJJJJ
KKKKKKKKKKKKKKKKKKKKKKKKK
LLLLLLLLLLLLLLLLLLLLLLLLL
MMMMMMMMMMMMMMMMMMMMMMMMM
NNNNNNNNNNNNNNNNNNNNNNNNN
OOOOOOOOOOOOOOOOOOOOOOOOO
PPPPPPPPPPPPPPPPPPPPPPPPP
QQQQQQQQQQQQQQQQQQQQQQQQQ
RRRRRRRRRRRRRRRRRRRRRRRRR
SSSSSSSSSSSSSSSSSSSSSSSSS
TTTTTTTTTTTTTTTTTTTTTTTTT
UUUUUUUUUUUUUUUUUUUUUUUUU
VVVVVVVVVVVVVVVVVVVVVVVVV
WWWWWWWWWWWWWWWWWWWWWWWWW
XXXXXXXXXXXXXXXXXXXXXXXXX
YYYYYYYYYYYYYYYYYYYYYYYYY
Case #81:
AAAAAAAAACCCCCCCCCCCCCCCC
AAAAAAAAACCCCCCCCCCCCCCCC
AAAAAAAAACCCCCCCCCCCCCCCC
AAAAAAAAACCCCCCCCCCCCCCCC
EEEEEEEEEEEEEEEEEEEEEEEEE
EEEEEEEEEEEEEEEEEEEEEEEEE
BBBBBBBBBDDDDDDDDDDDDDDDD
BBBBBBBBBDDDDDDDDDDDDDDDD
BBBBBBBBBDDDDDDDDDDDDDDDD
BBBBBBBBBDDDDDDDDDDDDDDDD
BBBBBBBBBDDDDDDDDDDDDDDDD
BBBBBBBBBDDDDDDDDDDDDDDDD
FFFFFFFFFFFFFFFFFFGGGGGGG
FFFFFFFFFFFFFFFFFFGGGGGGG
HHHHHHHHHHHHHHHHHHHHHHHHH
IIIIIIIIIIIIIIIIIIIIIIIII
JJJJJJJJJJJJJJJJJJJJJJJJJ
JJJJJJJJJJJJJJJJJJJJJJJJJ
JJJJJJJJJJJJJJJJJJJJJJJJJ
JJJJJJJJJJJJJJJJJJJJJJJJJ
JJJJJJJJJJJJJJJJJJJJJJJJJ
JJJJJJJJJJJJJJJJJJJJJJJJJ
JJJJJJJJJJJJJJJJJJJJJJJJJ
JJJJJJJJJJJJJJJJJJJJJJJJJ
JJJJJJJJJJJJJJJJJJJJJJJJJ
Case #82:
VVVVVVVVVVVVVVVVVVVVVVVVV
ZZZZZZWWWWWWWWWWWWWWWWWWW
GGGGGGGGGGGGGGGGGGGGGGGGG
DDDDDDDDDDDDDDDDDDDDDDDDD
MMMMMMMMMMMMMMMMMMMMMMMMM
QQQQQQQQQQQQQQQQQQQQQQQQQ
FFFFFFFFFFFFFFFFFFFFFFFFF
PPKKKKEEEEEEIIIIIIIIIIIII
TTTTTTTTTTTTTTTTTTTTTTTTT
RRRRRRRRRRRRRRRRRRRRRRRRR
RRRRRRRRRRRRRRRRRRRRRRRRR
RRRRRRRRRRRRRRRRRRRRRRRRR
HHHHHHHHHHHHHHHHHHHHHHHHH
HHHHHHHHHHHHHHHHHHHHHHHHH
HHHHHHHHHHHHHHHHHHHHHHHHH
YYYYYYYYYYYYYYYYYYYYYYYYY
YYYYYYYYYYYYYYYYYYYYYYYYY
SSSSSSSSSSSSSSSCCCCCCCCCC
AAAAAAAAAAAAAAAAAAAAAAAAA
UUUUUUUUUUUUUUUUUUUUUUUUU
JJJJJJJJJJJJNNNNNNXXXXXXX
BBBBBBBBBBBBOOOOOOOOOOOOO
BBBBBBBBBBBBOOOOOOOOOOOOO
LLLLLLLLLLLLLLLLLLLLLLLLL
LLLLLLLLLLLLLLLLLLLLLLLLL
Case #83:
AAAAAACCCCCCCCCCCCCCCCCCC
AAAAAACCCCCCCCCCCCCCCCCCC
AAAAAACCCCCCCCCCCCCCCCCCC
AAAAAACCCCCCCCCCCCCCCCCCC
AAAAAACCCCCCCCCCCCCCCCCCC
AAAAAACCCCCCCCCCCCCCCCCCC
AAAAAACCCCCCCCCCCCCCCCCCC
EEEEEEEEEEEEEEEEEEEEEEEEE
EEEEEEEEEEEEEEEEEEEEEEEEE
BBBBBBDDDDDDDDDDDDDDDDDDD
BBBBBBDDDDDDDDDDDDDDDDDDD
BBBBBBDDDDDDDDDDDDDDDDDDD
FFFFFFFFFFFFFFFFFFGGGGGGG
FFFFFFFFFFFFFFFFFFGGGGGGG
FFFFFFFFFFFFFFFFFFGGGGGGG
FFFFFFFFFFFFFFFFFFGGGGGGG
FFFFFFFFFFFFFFFFFFGGGGGGG
FFFFFFFFFFFFFFFFFFGGGGGGG
FFFFFFFFFFFFFFFFFFGGGGGGG
FFFFFFFFFFFFFFFFFFGGGGGGG
HHHHHHHHHHHHHHHHHHHHHHHHH
IIIIIIIIIIIIIIIIIIIIIIIII
JJJJJJJJJJJJJJJJJJJJJJJJJ
JJJJJJJJJJJJJJJJJJJJJJJJJ
JJJJJJJJJJJJJJJJJJJJJJJJJ
Case #84:
AAAAAABBBBBBBBBBBBBBBBBBB
AAAAAABBBBBBBBBBBBBBBBBBB
AAAAAABBBBBBBBBBBBBBBBBBB
AAAAAABBBBBBBBBBBBBBBBBBB
AAAAAABBBBBBBBBBBBBBBBBBB
CCCCCCCCCCCCCCCCCCCCCCCCC
DDDDDDDDDDDDDDDDDDDDDDDDD
EEEEEEEEEEEEEEEEEEEEEEEEE
EEEEEEEEEEEEEEEEEEEEEEEEE
EEEEEEEEEEEEEEEEEEEEEEEEE
EEEEEEEEEEEEEEEEEEEEEEEEE
EEEEEEEEEEEEEEEEEEEEEEEEE
FFFFFFFFFFFFFFFFFFFFFHHHH
FFFFFFFFFFFFFFFFFFFFFHHHH
FFFFFFFFFFFFFFFFFFFFFHHHH
JJJJJJJJJJJJJJJJJJJJJJJJJ
JJJJJJJJJJJJJJJJJJJJJJJJJ
JJJJJJJJJJJJJJJJJJJJJJJJJ
GGGGGGGGGGGGGGGGGGGGGIIII
GGGGGGGGGGGGGGGGGGGGGIIII
GGGGGGGGGGGGGGGGGGGGGIIII
GGGGGGGGGGGGGGGGGGGGGIIII
GGGGGGGGGGGGGGGGGGGGGIIII
GGGGGGGGGGGGGGGGGGGGGIIII
GGGGGGGGGGGGGGGGGGGGGIIII
Case #85:
AAAAAAACCCCCCCCCCCCCCCCCC
AAAAAAACCCCCCCCCCCCCCCCCC
AAAAAAACCCCCCCCCCCCCCCCCC
AAAAAAACCCCCCCCCCCCCCCCCC
AAAAAAACCCCCCCCCCCCCCCCCC
AAAAAAACCCCCCCCCCCCCCCCCC
AAAAAAACCCCCCCCCCCCCCCCCC
AAAAAAACCCCCCCCCCCCCCCCCC
AAAAAAACCCCCCCCCCCCCCCCCC
AAAAAAACCCCCCCCCCCCCCCCCC
AAAAAAACCCCCCCCCCCCCCCCCC
AAAAAAACCCCCCCCCCCCCCCCCC
EEEEEEEEEEEEEEEEEEEEEEEEE
EEEEEEEEEEEEEEEEEEEEEEEEE
EEEEEEEEEEEEEEEEEEEEEEEEE
BBBBBBBDDDDDDDDDDDDDDDDDD
BBBBBBBDDDDDDDDDDDDDDDDDD
BBBBBBBDDDDDDDDDDDDDDDDDD
BBBBBBBDDDDDDDDDDDDDDDDDD
BBBBBBBDDDDDDDDDDDDDDDDDD
BBBBBBBDDDDDDDDDDDDDDDDDD
BBBBBBBDDDDDDDDDDDDDDDDDD
BBBBBBBDDDDDDDDDDDDDDDDDD
BBBBBBBDDDDDDDDDDDDDDDDDD
BBBBBBBDDDDDDDDDDDDDDDDDD
Case #86:
ABCDEFGHIJKLMNOPQRSTUVWXY
ABCDEFGHIJKLMNOPQRSTUVWXY
ABCDEFGHIJKLMNOPQRSTUVWXY
ABCDEFGHIJKLMNOPQRSTUVWXY
ABCDEFGHIJKLMNOPQRSTUVWXY
ABCDEFGHIJKLMNOPQRSTUVWXY
ABCDEFGHIJKLMNOPQRSTUVWXY
ABCDEFGHIJKLMNOPQRSTUVWXY
ABCDEFGHIJKLMNOPQRSTUVWXY
ABCDEFGHIJKLMNOPQRSTUVWXY
ABCDEFGHIJKLMNOPQRSTUVWXY
ABCDEFGHIJKLMNOPQRSTUVWXY
ABCDEFGHIJKLMNOPQRSTUVWXY
ABCDEFGHIJKLMNOPQRSTUVWXY
ABCDEFGHIJKLMNOPQRSTUVWXY
ABCDEFGHIJKLMNOPQRSTUVWXY
ABCDEFGHIJKLMNOPQRSTUVWXY
ABCDEFGHIJKLMNOPQRSTUVWXY
ABCDEFGHIJKLMNOPQRSTUVWXY
ABCDEFGHIJKLMNOPQRSTUVWXY
ABCDEFGHIJKLMNOPQRSTUVWXY
ABCDEFGHIJKLMNOPQRSTUVWXY
ABCDEFGHIJKLMNOPQRSTUVWXY
ABCDEFGHIJKLMNOPQRSTUVWXY
ABCDEFGHIJKLMNOPQRSTUVWXY
Case #87:
BC
DA
Case #88:
AA
Case #89:
TTTTTTTTTTTTTTTTTTTTTTTTT
TTTTTTTTTTTTTTTTTTTTTTTTT
TTTTTTTTTTTTTTTTTTTTTTTTT
TTTTTTTTTTTTTTTTTTTTTTTTT
TTTTTTTTTTTTTTTTTTTTTTTTT
TTTTTTTTTTTTTTTTTTTTTTTTT
TTTTTTTTTTTTTTTTTTTTTTTTT
TTTTTTTTTTTTTTTTTTTTTTTTT
TTTTTTTTTTTTTTTTTTTTTTTTT
TTTTTTTTTTTTTTTTTTTTTTTTT
TTTTTTTTTTTTTTTTTTTTTTTTT
TTTTTTTTTTTTTTTTTTTTTTTTT
TTTTTTTTTTTTTTTTTTTTTTTTT
TTTTTTTTTTTTTTTTTTTTTTTTT
TTTTTTTTTTTTTTTTTTTTTTTTT
TTTTTTTTTTTTTTTTTTTTTTTTT
OOOOOOOOOOOOOOOOOOOOOOOOO
GGGGGGGGGFFFCCCCCCCCCCCCC
ZZZZZZZZZZZZUUUUUUUUUUUUU
KKKKKKKKKHHHJJJEEEEEEEEEE
WWWWWWBBBAAARRRRRRRRRRRRR
YYYYYYYYYYYYYYYYYYYYYYYYY
IIISSSVVVVVVVVVVVVVVVVVVV
LLLLLLMMMQQQXXXXXXXXXXXXX
PPPPPPDDDNNNNNNNNNNNNNNNN
Case #90:
ZZZZZZZZZZZZZZZZZZZZZZZZZ
KKKKKKKKKKKKKKKKKKKKKKKKK
DDDDDDDDDDDDDDDDDDDDDDDDD
JJJJJJJJJJJJJJJJJJJJJJJJJ
JJJJJJJJJJJJJJJJJJJJJJJJJ
NNNNNNNNNNNNRRRRRRPPPPPPP
MMMMMMMMMMMMMMMMMMMMMMMMM
MMMMMMMMMMMMMMMMMMMMMMMMM
MMMMMMMMMMMMMMMMMMMMMMMMM
FFFFFFFFFFFFFFFFFFFFFFFFF
OOOOOOOOOOOOOOOOOOLLLLLLL
CCCCCCCCCCCCCCCCCCCCCCCCC
WWWWWWWWWWWWWWWWWWHHHHHHH
WWWWWWWWWWWWWWWWWWHHHHHHH
WWWWWWWWWWWWWWWWWWHHHHHHH
SSSSSSSSSSSSSSSSSSSSSSSSS
BBBBBBBBBBBBTTTTTTTTTTTTT
EEEEEEEEEEEEEEEEEEEEEEEEE
YYYYYYYYYYYYYYYYYYAAAAAAA
IIIIUUVVVVVVQQQQQQQQQQQQQ
IIIIUUVVVVVVQQQQQQQQQQQQQ
GGGGGGGGGGGGGGGGGGGGGGGGG
XXXXXXXXXXXXXXXXXXXXXXXXX
XXXXXXXXXXXXXXXXXXXXXXXXX
XXXXXXXXXXXXXXXXXXXXXXXXX
Case #91:
CCCJH
BAKFG
DDIEE
Case #92:
ABBCCCDEEFFFGHHIIIJKKLLMM
NNNOPPQQQRSSTTTUVVWWWXXYY
ZZZZZZZZZZZZZZZZZZZZZZZZZ
ZZZZZZZZZZZZZZZZZZZZZZZZZ
ZZZZZZZZZZZZZZZZZZZZZZZZZ
ZZZZZZZZZZZZZZZZZZZZZZZZZ
ZZZZZZZZZZZZZZZZZZZZZZZZZ
ZZZZZZZZZZZZZZZZZZZZZZZZZ
ZZZZZZZZZZZZZZZZZZZZZZZZZ
ZZZZZZZZZZZZZZZZZZZZZZZZZ
ZZZZZZZZZZZZZZZZZZZZZZZZZ
ZZZZZZZZZZZZZZZZZZZZZZZZZ
ZZZZZZZZZZZZZZZZZZZZZZZZZ
ZZZZZZZZZZZZZZZZZZZZZZZZZ
ZZZZZZZZZZZZZZZZZZZZZZZZZ
ZZZZZZZZZZZZZZZZZZZZZZZZZ
ZZZZZZZZZZZZZZZZZZZZZZZZZ
ZZZZZZZZZZZZZZZZZZZZZZZZZ
ZZZZZZZZZZZZZZZZZZZZZZZZZ
ZZZZZZZZZZZZZZZZZZZZZZZZZ
ZZZZZZZZZZZZZZZZZZZZZZZZZ
ZZZZZZZZZZZZZZZZZZZZZZZZZ
ZZZZZZZZZZZZZZZZZZZZZZZZZ
ZZZZZZZZZZZZZZZZZZZZZZZZZ
ZZZZZZZZZZZZZZZZZZZZZZZZZ
Case #93:
ZZZZZZZZZZZZZZZZZZZZNXXXX
ZZZZZZZZZZZZZZZZZZZZNXXXX
ZZZZZZZZZZZZZZZZZZZZNXXXX
ZZZZZZZZZZZZZZZZZZZZNXXXX
ZZZZZZZZZZZZZZZZZZZZNXXXX
ZZZZZZZZZZZZZZZZZZZZNXXXX
ZZZZZZZZZZZZZZZZZZZZNXXXX
ZZZZZZZZZZZZZZZZZZZZNXXXX
SSSSSSSSSSSSSSSSSSSSSFFFF
VVVVVVVVVVVVVVVVVVVVVVVVV
KKKKKKKKKKKKKKKKKKKKKKKKK
RRRRRRRRRRRRRRRRRRRRRRRRR
BBBBBBBBBBBBBBBBBBBBBBBBB
LLLLLLLLLLLLLQQQQQQQQQQQQ
WWWWWWWWWWWWWWWWWWOOOOOOO
DDDDDDDDDDDDDDDYYYEEEMMTT
GGGGGGGGGGGGGGGGGGGGGGGGG
IIIIIIIIIIIIIIIIIIHHHCCCC
AAAAAAAAAAAAAAAAAAAAAAAAA
UUUUUUUUUUUUUUUUUUUJJJJJJ
PPPPPPPPPPPPPPPPPPPPPPPPP
PPPPPPPPPPPPPPPPPPPPPPPPP
PPPPPPPPPPPPPPPPPPPPPPPPP
PPPPPPPPPPPPPPPPPPPPPPPPP
PPPPPPPPPPPPPPPPPPPPPPPPP
Case #94:
AAAAAAAAAAAAAAAAAACCCCCCC
AAAAAAAAAAAAAAAAAACCCCCCC
AAAAAAAAAAAAAAAAAACCCCCCC
AAAAAAAAAAAAAAAAAACCCCCCC
AAAAAAAAAAAAAAAAAACCCCCCC
AAAAAAAAAAAAAAAAAACCCCCCC
AAAAAAAAAAAAAAAAAACCCCCCC
AAAAAAAAAAAAAAAAAACCCCCCC
AAAAAAAAAAAAAAAAAACCCCCCC
AAAAAAAAAAAAAAAAAACCCCCCC
AAAAAAAAAAAAAAAAAACCCCCCC
AAAAAAAAAAAAAAAAAACCCCCCC
AAAAAAAAAAAAAAAAAACCCCCCC
AAAAAAAAAAAAAAAAAACCCCCCC
EEEEEEEEEEEEEEEEEEEEEEEEE
EEEEEEEEEEEEEEEEEEEEEEEEE
EEEEEEEEEEEEEEEEEEEEEEEEE
EEEEEEEEEEEEEEEEEEEEEEEEE
BBBBBBBBBBBBBBBBBBDDDDDDD
BBBBBBBBBBBBBBBBBBDDDDDDD
BBBBBBBBBBBBBBBBBBDDDDDDD
BBBBBBBBBBBBBBBBBBDDDDDDD
BBBBBBBBBBBBBBBBBBDDDDDDD
BBBBBBBBBBBBBBBBBBDDDDDDD
BBBBBBBBBBBBBBBBBBDDDDDDD
Case #95:
KKKRDG
JNPOOO
CLLIII
AAABBB
HHQEEE
MMMFFF
Case #96:
BBBB
JJJE
AIDF
GGGC
HHHH
HHHH
Case #97:
AAAAAAAAACCCCCCCCCCCCCCCC
AAAAAAAAACCCCCCCCCCCCCCCC
AAAAAAAAACCCCCCCCCCCCCCCC
AAAAAAAAACCCCCCCCCCCCCCCC
AAAAAAAAACCCCCCCCCCCCCCCC
AAAAAAAAACCCCCCCCCCCCCCCC
EEEEEEEEEEEEEEEEEEEEEEEEE
EEEEEEEEEEEEEEEEEEEEEEEEE
EEEEEEEEEEEEEEEEEEEEEEEEE
BBBBBBBBBDDDDDDDDDDDDDDDD
BBBBBBBBBDDDDDDDDDDDDDDDD
BBBBBBBBBDDDDDDDDDDDDDDDD
FFFFFFFFFFFFFFFFFFGGGGGGG
FFFFFFFFFFFFFFFFFFGGGGGGG
HHHHHHHHHHHHHHHHHHHHHHHHH
IIIIIIIIIIIIIIIIIIIIIIIII
JJJJJJJJJJJJJJJJJJJJJJJJJ
JJJJJJJJJJJJJJJJJJJJJJJJJ
JJJJJJJJJJJJJJJJJJJJJJJJJ
JJJJJJJJJJJJJJJJJJJJJJJJJ
JJJJJJJJJJJJJJJJJJJJJJJJJ
JJJJJJJJJJJJJJJJJJJJJJJJJ
JJJJJJJJJJJJJJJJJJJJJJJJJ
JJJJJJJJJJJJJJJJJJJJJJJJJ
JJJJJJJJJJJJJJJJJJJJJJJJJ
Case #98:
AAAAAABBBBBBBBBBBBBBBBBBB
AAAAAABBBBBBBBBBBBBBBBBBB
AAAAAABBBBBBBBBBBBBBBBBBB
AAAAAABBBBBBBBBBBBBBBBBBB
AAAAAABBBBBBBBBBBBBBBBBBB
AAAAAABBBBBBBBBBBBBBBBBBB
AAAAAABBBBBBBBBBBBBBBBBBB
AAAAAABBBBBBBBBBBBBBBBBBB
AAAAAABBBBBBBBBBBBBBBBBBB
AAAAAABBBBBBBBBBBBBBBBBBB
CCCCCCCCCCCCCCCCCCCCCCCCC
DDDDDDDDDDDDDDDDDDDDDDDDD
EEEEEEEEEEEEEEEEEEEEEEEEE
EEEEEEEEEEEEEEEEEEEEEEEEE
EEEEEEEEEEEEEEEEEEEEEEEEE
EEEEEEEEEEEEEEEEEEEEEEEEE
EEEEEEEEEEEEEEEEEEEEEEEEE
EEEEEEEEEEEEEEEEEEEEEEEEE
EEEEEEEEEEEEEEEEEEEEEEEEE
EEEEEEEEEEEEEEEEEEEEEEEEE
EEEEEEEEEEEEEEEEEEEEEEEEE
EEEEEEEEEEEEEEEEEEEEEEEEE
EEEEEEEEEEEEEEEEEEEEEEEEE
EEEEEEEEEEEEEEEEEEEEEEEEE
EEEEEEEEEEEEEEEEEEEEEEEEE
Case #99:
EEEEEEEEEEEEEEEEEEEEEEEEE
EEEEEEEEEEEEEEEEEEEEEEEEE
EEEEEEEEEEEEEEEEEEEEEEEEE
EEEEEEEEEEEEEEEEEEEEEEEEE
EEEEEEEEEEEEEEEEEEEEEEEEE
EEEEEEEEEEEEEEEEEEEEEEEEE
EEEEEEEEEEEEEEEEEEEEEEEEE
EEEEEEEEEEEEEEEEEEEEEEEEE
EEEEEEEEEEEEEEEEEEEEEEEEE
EEEEEEEEEEEEEEEEEEEEEEEEE
NFFFFFFFFFFFFFFFFFFFFFFFF
NFFFFFFFFFFFFFFFFFFFFFFFF
GLLLLLLLLLLLLLLLLLLLLLLLL
WWWIRRRRRRRRRRRRRRRRRRRRR
CCCSOMMMMMMMMMMMMMMMMMMMM
AAAAAAYYYYYYYYYYYYYYYYYYY
HHHHHDDDDDDDDDDDDDDDDDDDD
ZQUPPPPPPPPPPPPPPPPPPPPPP
BBBJVVVVVVVVVVVVVVVVVVVVV
TTXXXXXXXXXXXXXXXXXXXXXXX
KKKKKKKKKKKKKKKKKKKKKKKKK
KKKKKKKKKKKKKKKKKKKKKKKKK
KKKKKKKKKKKKKKKKKKKKKKKKK
KKKKKKKKKKKKKKKKKKKKKKKKK
KKKKKKKKKKKKKKKKKKKKKKKKK
Case #100:
PP
BU
ZZ
RC
OO
AS
HH
HH
WD
EE
MK
MK
QL
GG
GG
TT
JX
YY
VV
VV
VV
II
II
FN
FN
