Case #1:
GCJ
GCJ
GCJ
Case #2:
CODE
CODE
JJAM
Case #3:
CA
KE
Case #4:
CE
CE
CE
BD
BD
AA
Case #5:
GGBD
HHEI
CAFJ
Case #6:
EEAB
CFHI
GGJD
Case #7:
EFI
KGL
DJC
ABH
Case #8:
FFBE
CCCA
DDDD
Case #9:
ACBD
ACBD
EFFF
Case #10:
FCD
ECD
ECD
BBA
Case #11:
BCC
DDD
FAE
FAE
Case #12:
BA
BA
Case #13:
DBF
DBF
CAA
EEE
Case #14:
ACEE
ACEE
BDDF
Case #15:
DCC
BEA
FFF
FFF
Case #16:
AAAA
BBBB
CCCC
Case #17:
EEE
FFA
CCB
DDD
Case #18:
BAC
Case #19:
B
A
Case #20:
BHJF
ALKI
CDGE
Case #21:
EBB
GAD
IFJ
CHH
Case #22:
CDA
FDA
BBB
EEE
Case #23:
ABG
DHE
CJI
FFF
Case #24:
AA
AA
Case #25:
CBB
EAA
FDD
FDD
Case #26:
DDDD
BCEE
AAAA
Case #27:
AD?
BBB
CEE
Case #28:
EBCC
EBCC
AAAD
Case #29:
BAA
EFD
EFD
CCC
Case #30:
ABB
CBB
DDD
EEF
Case #31:
ABCD
ABCD
ABCD
Case #32:
ADDD
BFEE
CCCC
Case #33:
DDE
AAB
CCC
CCC
Case #34:
AB
Case #35:
BCCC
BCCC
EEAD
Case #36:
DBBB
FCEE
AAAA
Case #37:
CHDE
GIKA
FBJJ
Case #38:
CIG
HAD
EFF
BBB
Case #39:
CHDD
BGFE
JIAA
Case #40:
HHE
AAJ
CDG
FBI
Case #41:
BD
AC
Case #42:
AAAB
AAAB
Case #43:
AAAA
BBBB
CCCC
Case #44:
ABBCCDDEEFFF
Case #45:
CEB
CEB
CEB
DAF
Case #46:
DAEC
DAEC
BBEC
Case #47:
AAAA
CBDE
CBDE
Case #48:
ADEE
BCCC
BCCC
Case #49:
AEC
BDF
Case #50:
AAA
BBC
Case #51:
ACB
ACB
DCE
FFF
Case #52:
CCC
FFF
DDE
BAA
Case #53:
CDD
AAB
CFF
EEE
Case #54:
ABCC
ABCC
ABCC
Case #55:
CEJA
IKGF
BBHD
Case #56:
EFF
BBB
CFF
DDA
Case #57:
ABC
DDC
EEE
Case #58:
AAD
AAD
EFC
BBB
Case #59:
AAA
Case #60:
AAAA
DDDD
EECB
Case #61:
AA
Case #62:
AAAA
BBBB
CCCC
Case #63:
DCBB
AAAA
EEEE
Case #64:
EEE
DCC
DBF
AAF
Case #65:
CCJJ
CCJJ
CCJJ
Case #66:
FAEB
HGCC
DDDD
Case #67:
AB
AB
CB
CD
ED
FF
Case #68:
ABCD
ABCD
ABCD
Case #69:
ADBECF
ADBECF
Case #70:
AAA
AAA
Case #71:
AECD
BBCD
BBCD
Case #72:
ABCD
ABCD
ABCD
Case #73:
CBB
EAD
Case #74:
GHAE
LCJB
DKIF
Case #75:
BBBC
AAED
IFGH
Case #76:
EEEE
BBBB
CDDA
Case #77:
BCF
ADE
ADE
ADE
Case #78:
CDB
AAA
Case #79:
EEEE
CDDD
AAAB
Case #80:
BBBB
DEEE
ACCC
Case #81:
BBA
BBA
Case #82:
FBE
FBE
DBA
CCC
Case #83:
CDD
FFB
FFB
AAE
Case #84:
CEEE
AABB
DDDD
Case #85:
A
A
B
B
C
C
D
D
E
E
F
F
Case #86:
FFF
CID
EHJ
AGB
Case #87:
CCB
IIH
FED
AAG
Case #88:
BA
CC
Case #89:
BDCA
BDCA
EEEE
Case #90:
BJD
CHI
EGL
FKA
Case #91:
CJI
KLG
HDB
AEF
Case #92:
A
Case #93:
ECD
ABB
ABB
ABB
Case #94:
CDAE
CDAE
BBAE
Case #95:
BGLK
DJEF
HCAI
Case #96:
EEE
EEE
BBB
DCA
Case #97:
BA
BA
BA
BA
Case #98:
BAA
Case #99:
A
A
Case #100:
JKAH
CGEB
IIDF
